<?xml version="1.0" encoding="UTF-8"?>
<!-- Generated by org.testng.reporters.JUnitXMLReporter -->
<testsuite ignored="1" hostname="Fatema-Kassim" failures="14" tests="82" name="Surefire test" time="498.318" errors="0" timestamp="2025-04-06T09:45:23 GST">
  <testcase classname="tests.LoginTest" name="loginUsingValidCredentials" time="1.435"/>
  <testcase classname="tests.LoginTest" name="loginUsingInvalidCredentials" time="1.689"/>
  <testcase classname="tests.LoginTest" name="loginUsingInvalidEmailAndValidPassword" time="1.214"/>
  <testcase classname="tests.LoginTest" name="loginUsingValidEmailAndInvalidPassword" time="1.23"/>
  <testcase classname="tests.LoginTest" name="loginWithoutCreddentials" time="0.896"/>
  <testcase classname="tests.LoginTest" name="verifyForgottenPasswordLink" time="0.506"/>
  <testcase classname="tests.LoginTest" name="verifyLoggingInUsingKeyboardKeys" time="1.359"/>
  <testcase classname="tests.LoginTest" name="verifyPlaceholdersInLoginPage" time="0.067"/>
  <testcase classname="tests.LoginTest" name="verifyBrowsingBackAfterLogin" time="1.595"/>
  <testcase classname="tests.LoginTest" name="verifyBrowsingBackAfterLogout" time="2.393"/>
  <testcase classname="tests.LoginTest" name="loginUsingInactiveEmail" time="1.255"/>
  <testcase classname="tests.LoginTest" name="verifyNumberOfUnsuccessfulAttempts" time="1.628">
    <failure type="org.openqa.selenium.WebDriverException" message="unknown error: unhandled inspector error: {&amp;quot;code&amp;quot;:-32000,&amp;quot;message&amp;quot;:&amp;quot;Node with given id does not belong to the document&amp;quot;}
  (Session info: chrome=134.0.6998.179)
Build info: version: &amp;apos;4.29.0&amp;apos;, revision: &amp;apos;5fc1ec94cb&amp;apos;
System info: os.name: &amp;apos;Windows 11&amp;apos;, os.arch: &amp;apos;amd64&amp;apos;, os.version: &amp;apos;10.0&amp;apos;, java.version: &amp;apos;21.0.1&amp;apos;
Driver info: org.openqa.selenium.chrome.ChromeDriver
Command: [fb5db437ca60c24caf4214638d07d13f, isElementDisplayed {id=f.6B192EBC0CE990C333CC4079D39B0008.d.20FFBE12AF8F619250F926321A37A143.e.1289}]
Capabilities {acceptInsecureCerts: false, browserName: chrome, browserVersion: 134.0.6998.179, chrome: {chromedriverVersion: 134.0.6998.165 (fd886e2cb29..., userDataDir: C:\Users\kassi\AppData\Loca...}, fedcm:accounts: true, goog:chromeOptions: {debuggerAddress: localhost:52206}, networkConnectionEnabled: false, pageLoadStrategy: normal, platformName: windows, proxy: Proxy(), se:cdp: ws://localhost:52206/devtoo..., se:cdpVersion: 134.0.6998.179, setWindowRect: true, strictFileInteractability: false, timeouts: {implicit: 0, pageLoad: 300000, script: 30000}, unhandledPromptBehavior: dismiss and notify, webauthn:extension:credBlob: true, webauthn:extension:largeBlob: true, webauthn:extension:minPinLength: true, webauthn:extension:prf: true, webauthn:virtualAuthenticators: true}
Element: [[ChromeDriver: chrome on windows (fb5db437ca60c24caf4214638d07d13f)] -&amp;gt; id: input-email]
Session ID: fb5db437ca60c24caf4214638d07d13f">
      <![CDATA[org.openqa.selenium.WebDriverException: unknown error: unhandled inspector error: {"code":-32000,"message":"Node with given id does not belong to the document"}
  (Session info: chrome=134.0.6998.179)
Build info: version: '4.29.0', revision: '5fc1ec94cb'
System info: os.name: 'Windows 11', os.arch: 'amd64', os.version: '10.0', java.version: '21.0.1'
Driver info: org.openqa.selenium.chrome.ChromeDriver
Command: [fb5db437ca60c24caf4214638d07d13f, isElementDisplayed {id=f.6B192EBC0CE990C333CC4079D39B0008.d.20FFBE12AF8F619250F926321A37A143.e.1289}]
Capabilities {acceptInsecureCerts: false, browserName: chrome, browserVersion: 134.0.6998.179, chrome: {chromedriverVersion: 134.0.6998.165 (fd886e2cb29..., userDataDir: C:\Users\kassi\AppData\Loca...}, fedcm:accounts: true, goog:chromeOptions: {debuggerAddress: localhost:52206}, networkConnectionEnabled: false, pageLoadStrategy: normal, platformName: windows, proxy: Proxy(), se:cdp: ws://localhost:52206/devtoo..., se:cdpVersion: 134.0.6998.179, setWindowRect: true, strictFileInteractability: false, timeouts: {implicit: 0, pageLoad: 300000, script: 30000}, unhandledPromptBehavior: dismiss and notify, webauthn:extension:credBlob: true, webauthn:extension:largeBlob: true, webauthn:extension:minPinLength: true, webauthn:extension:prf: true, webauthn:virtualAuthenticators: true}
Element: [[ChromeDriver: chrome on windows (fb5db437ca60c24caf4214638d07d13f)] -> id: input-email]
Session ID: fb5db437ca60c24caf4214638d07d13f
at org.openqa.selenium.remote.ErrorCodec.decode(ErrorCodec.java:167)
at org.openqa.selenium.remote.codec.w3c.W3CHttpResponseCodec.decode(W3CHttpResponseCodec.java:138)
at org.openqa.selenium.remote.codec.w3c.W3CHttpResponseCodec.decode(W3CHttpResponseCodec.java:50)
at org.openqa.selenium.remote.HttpCommandExecutor.execute(HttpCommandExecutor.java:215)
at org.openqa.selenium.remote.service.DriverCommandExecutor.invokeExecute(DriverCommandExecutor.java:216)
at org.openqa.selenium.remote.service.DriverCommandExecutor.execute(DriverCommandExecutor.java:174)
at org.openqa.selenium.remote.RemoteWebDriver.execute(RemoteWebDriver.java:545)
at org.openqa.selenium.remote.RemoteWebElement.execute(RemoteWebElement.java:223)
at org.openqa.selenium.remote.RemoteWebElement.isDisplayed(RemoteWebElement.java:282)
at org.openqa.selenium.support.pagefactory.internal.LocatingElementHandler.invoke(LocatingElementHandler.java:51)
at jdk.proxy2/jdk.proxy2.$Proxy10.isDisplayed(Unknown Source)
at utils.ElementUtilities.isElementDisplayedOnPage(ElementUtilities.java:111)
at utils.ElementUtilities.enterTextIntoElement(ElementUtilities.java:142)
at pages.LoginPage.logInToApplication(LoginPage.java:86)
at tests.LoginTest.verifyNumberOfUnsuccessfulAttempts(LoginTest.java:152)
at java.base/java.util.ArrayList.forEach(ArrayList.java:1596)
... Removed 35 stack frames]]>
    </failure>
  </testcase> <!-- verifyNumberOfUnsuccessfulAttempts -->
  <testcase classname="tests.LoginTest" name="verifyLoginPasswordFieldForVisibility" time="0.032"/>
  <testcase classname="tests.LoginTest" name="verifyCopyingOfTextEnteredIntoPasswordField" time="0.497"/>
  <testcase classname="tests.LoginTest" name="verifyPasswordIsNotVisibleInPageSource" time="0.412"/>
  <testcase classname="tests.LoginTest" name="verifyLoggingIntoApplicaLtionUsingChangedPassword" time="4.102">
    <failure type="org.openqa.selenium.NoSuchElementException" message="no such element: Unable to locate element: {&amp;quot;method&amp;quot;:&amp;quot;link text&amp;quot;,&amp;quot;selector&amp;quot;:&amp;quot;Change your password&amp;quot;}
  (Session info: chrome=134.0.6998.179)
For documentation on this error, please visit: https://www.selenium.dev/documentation/webdriver/troubleshooting/errors#no-such-element-exception
Build info: version: &amp;apos;4.29.0&amp;apos;, revision: &amp;apos;5fc1ec94cb&amp;apos;
System info: os.name: &amp;apos;Windows 11&amp;apos;, os.arch: &amp;apos;amd64&amp;apos;, os.version: &amp;apos;10.0&amp;apos;, java.version: &amp;apos;21.0.1&amp;apos;
Driver info: org.openqa.selenium.chrome.ChromeDriver
Command: [bfa88e42a3d62f48f9d78295cb122657, findElement {using=link text, value=Change your password}]
Capabilities {acceptInsecureCerts: false, browserName: chrome, browserVersion: 134.0.6998.179, chrome: {chromedriverVersion: 134.0.6998.165 (fd886e2cb29..., userDataDir: C:\Users\kassi\AppData\Loca...}, fedcm:accounts: true, goog:chromeOptions: {debuggerAddress: localhost:52288}, networkConnectionEnabled: false, pageLoadStrategy: normal, platformName: windows, proxy: Proxy(), se:cdp: ws://localhost:52288/devtoo..., se:cdpVersion: 134.0.6998.179, setWindowRect: true, strictFileInteractability: false, timeouts: {implicit: 0, pageLoad: 300000, script: 30000}, unhandledPromptBehavior: dismiss and notify, webauthn:extension:credBlob: true, webauthn:extension:largeBlob: true, webauthn:extension:minPinLength: true, webauthn:extension:prf: true, webauthn:virtualAuthenticators: true}
Session ID: bfa88e42a3d62f48f9d78295cb122657">
      <![CDATA[org.openqa.selenium.NoSuchElementException: no such element: Unable to locate element: {"method":"link text","selector":"Change your password"}
  (Session info: chrome=134.0.6998.179)
For documentation on this error, please visit: https://www.selenium.dev/documentation/webdriver/troubleshooting/errors#no-such-element-exception
Build info: version: '4.29.0', revision: '5fc1ec94cb'
System info: os.name: 'Windows 11', os.arch: 'amd64', os.version: '10.0', java.version: '21.0.1'
Driver info: org.openqa.selenium.chrome.ChromeDriver
Command: [bfa88e42a3d62f48f9d78295cb122657, findElement {using=link text, value=Change your password}]
Capabilities {acceptInsecureCerts: false, browserName: chrome, browserVersion: 134.0.6998.179, chrome: {chromedriverVersion: 134.0.6998.165 (fd886e2cb29..., userDataDir: C:\Users\kassi\AppData\Loca...}, fedcm:accounts: true, goog:chromeOptions: {debuggerAddress: localhost:52288}, networkConnectionEnabled: false, pageLoadStrategy: normal, platformName: windows, proxy: Proxy(), se:cdp: ws://localhost:52288/devtoo..., se:cdpVersion: 134.0.6998.179, setWindowRect: true, strictFileInteractability: false, timeouts: {implicit: 0, pageLoad: 300000, script: 30000}, unhandledPromptBehavior: dismiss and notify, webauthn:extension:credBlob: true, webauthn:extension:largeBlob: true, webauthn:extension:minPinLength: true, webauthn:extension:prf: true, webauthn:virtualAuthenticators: true}
Session ID: bfa88e42a3d62f48f9d78295cb122657
at org.openqa.selenium.remote.ErrorCodec.decode(ErrorCodec.java:167)
at org.openqa.selenium.remote.codec.w3c.W3CHttpResponseCodec.decode(W3CHttpResponseCodec.java:138)
at org.openqa.selenium.remote.codec.w3c.W3CHttpResponseCodec.decode(W3CHttpResponseCodec.java:50)
at org.openqa.selenium.remote.HttpCommandExecutor.execute(HttpCommandExecutor.java:215)
at org.openqa.selenium.remote.service.DriverCommandExecutor.invokeExecute(DriverCommandExecutor.java:216)
at org.openqa.selenium.remote.service.DriverCommandExecutor.execute(DriverCommandExecutor.java:174)
at org.openqa.selenium.remote.RemoteWebDriver.execute(RemoteWebDriver.java:545)
at org.openqa.selenium.remote.ElementLocation$ElementFinder$2.findElement(ElementLocation.java:165)
at org.openqa.selenium.remote.ElementLocation.findElement(ElementLocation.java:59)
at org.openqa.selenium.remote.RemoteWebDriver.findElement(RemoteWebDriver.java:368)
at org.openqa.selenium.remote.RemoteWebDriver.findElement(RemoteWebDriver.java:362)
at org.openqa.selenium.support.pagefactory.DefaultElementLocator.findElement(DefaultElementLocator.java:68)
at org.openqa.selenium.support.pagefactory.internal.LocatingElementHandler.invoke(LocatingElementHandler.java:38)
at jdk.proxy2/jdk.proxy2.$Proxy10.isDisplayed(Unknown Source)
at utils.ElementUtilities.isElementDisplayedOnPage(ElementUtilities.java:111)
at utils.ElementUtilities.clickOnElement(ElementUtilities.java:71)
at pages.MyAccountPage.clickOnChangeYourPasswordOption(MyAccountPage.java:63)
at tests.LoginTest.verifyLoggingIntoApplicaLtionUsingChangedPassword(LoginTest.java:191)
at java.base/java.util.ArrayList.forEach(ArrayList.java:1596)
... Removed 33 stack frames]]>
    </failure>
  </testcase> <!-- verifyLoggingIntoApplicaLtionUsingChangedPassword -->
  <testcase classname="tests.LoginTest" name="verifyLoginAccountPageNavigations" time="20.017"/>
  <testcase classname="tests.LoginTest" name="verifyDifferrentWaysOfNavigatingToLoginPage" time="1.713"/>
  <testcase classname="tests.LoginTest" name="verifyRegisterAccountPageBreadcrumbURLTitleHeading" time="0.195"/>
  <testcase classname="tests.LoginTest" name="verifyLoginPageUI" time="0.669"/>
  <testcase classname="tests.LoginTest" name="verifyRegisterAccountInAllEnvironments" time="1.452"/>
  <testcase classname="tests.LogoutTest" name="verifyLoggingOutUsingMyAccountLogoutOption" time="3.435"/>
  <testcase classname="tests.LogoutTest" name="verifyLoggingOutUsingRightColumnOptions" time="2.567"/>
  <testcase classname="tests.LogoutTest" name="verifyLoggingOutandBrowsingBack" time="1.733">
    <failure type="org.openqa.selenium.StaleElementReferenceException" message="stale element reference: stale element not found
  (Session info: chrome=134.0.6998.179)
For documentation on this error, please visit: https://www.selenium.dev/documentation/webdriver/troubleshooting/errors#stale-element-reference-exception
Build info: version: &amp;apos;4.29.0&amp;apos;, revision: &amp;apos;5fc1ec94cb&amp;apos;
System info: os.name: &amp;apos;Windows 11&amp;apos;, os.arch: &amp;apos;amd64&amp;apos;, os.version: &amp;apos;10.0&amp;apos;, java.version: &amp;apos;21.0.1&amp;apos;
Driver info: org.openqa.selenium.chrome.ChromeDriver
Command: [01e8326d61e6a951db6bf78e8cfe959a, isElementDisplayed {id=f.C0F32648301B09701E7CF3BC8E467A55.d.2291240FC69BB3E8D367460CAED95957.e.867}]
Capabilities {acceptInsecureCerts: false, browserName: chrome, browserVersion: 134.0.6998.179, chrome: {chromedriverVersion: 134.0.6998.165 (fd886e2cb29..., userDataDir: C:\Users\kassi\AppData\Loca...}, fedcm:accounts: true, goog:chromeOptions: {debuggerAddress: localhost:52453}, networkConnectionEnabled: false, pageLoadStrategy: normal, platformName: windows, proxy: Proxy(), se:cdp: ws://localhost:52453/devtoo..., se:cdpVersion: 134.0.6998.179, setWindowRect: true, strictFileInteractability: false, timeouts: {implicit: 0, pageLoad: 300000, script: 30000}, unhandledPromptBehavior: dismiss and notify, webauthn:extension:credBlob: true, webauthn:extension:largeBlob: true, webauthn:extension:minPinLength: true, webauthn:extension:prf: true, webauthn:virtualAuthenticators: true}
Element: [[ChromeDriver: chrome on windows (01e8326d61e6a951db6bf78e8cfe959a)] -&amp;gt; xpath: //span[text()=&amp;apos;My Account&amp;apos;]]
Session ID: 01e8326d61e6a951db6bf78e8cfe959a">
      <![CDATA[org.openqa.selenium.StaleElementReferenceException: stale element reference: stale element not found
  (Session info: chrome=134.0.6998.179)
For documentation on this error, please visit: https://www.selenium.dev/documentation/webdriver/troubleshooting/errors#stale-element-reference-exception
Build info: version: '4.29.0', revision: '5fc1ec94cb'
System info: os.name: 'Windows 11', os.arch: 'amd64', os.version: '10.0', java.version: '21.0.1'
Driver info: org.openqa.selenium.chrome.ChromeDriver
Command: [01e8326d61e6a951db6bf78e8cfe959a, isElementDisplayed {id=f.C0F32648301B09701E7CF3BC8E467A55.d.2291240FC69BB3E8D367460CAED95957.e.867}]
Capabilities {acceptInsecureCerts: false, browserName: chrome, browserVersion: 134.0.6998.179, chrome: {chromedriverVersion: 134.0.6998.165 (fd886e2cb29..., userDataDir: C:\Users\kassi\AppData\Loca...}, fedcm:accounts: true, goog:chromeOptions: {debuggerAddress: localhost:52453}, networkConnectionEnabled: false, pageLoadStrategy: normal, platformName: windows, proxy: Proxy(), se:cdp: ws://localhost:52453/devtoo..., se:cdpVersion: 134.0.6998.179, setWindowRect: true, strictFileInteractability: false, timeouts: {implicit: 0, pageLoad: 300000, script: 30000}, unhandledPromptBehavior: dismiss and notify, webauthn:extension:credBlob: true, webauthn:extension:largeBlob: true, webauthn:extension:minPinLength: true, webauthn:extension:prf: true, webauthn:virtualAuthenticators: true}
Element: [[ChromeDriver: chrome on windows (01e8326d61e6a951db6bf78e8cfe959a)] -> xpath: //span[text()='My Account']]
Session ID: 01e8326d61e6a951db6bf78e8cfe959a
at org.openqa.selenium.remote.ErrorCodec.decode(ErrorCodec.java:167)
at org.openqa.selenium.remote.codec.w3c.W3CHttpResponseCodec.decode(W3CHttpResponseCodec.java:138)
at org.openqa.selenium.remote.codec.w3c.W3CHttpResponseCodec.decode(W3CHttpResponseCodec.java:50)
at org.openqa.selenium.remote.HttpCommandExecutor.execute(HttpCommandExecutor.java:215)
at org.openqa.selenium.remote.service.DriverCommandExecutor.invokeExecute(DriverCommandExecutor.java:216)
at org.openqa.selenium.remote.service.DriverCommandExecutor.execute(DriverCommandExecutor.java:174)
at org.openqa.selenium.remote.RemoteWebDriver.execute(RemoteWebDriver.java:545)
at org.openqa.selenium.remote.RemoteWebElement.execute(RemoteWebElement.java:223)
at org.openqa.selenium.remote.RemoteWebElement.isDisplayed(RemoteWebElement.java:282)
at org.openqa.selenium.support.pagefactory.internal.LocatingElementHandler.invoke(LocatingElementHandler.java:51)
at jdk.proxy2/jdk.proxy2.$Proxy10.isDisplayed(Unknown Source)
at utils.ElementUtilities.isElementDisplayedOnPage(ElementUtilities.java:111)
at utils.ElementUtilities.clickOnElement(ElementUtilities.java:71)
at pages.HeaderOptions.clickOnMyAccountDropMenu(HeaderOptions.java:131)
at tests.LogoutTest.verifyLoggingOutandBrowsingBack(LogoutTest.java:62)
at java.base/java.util.ArrayList.forEach(ArrayList.java:1596)
... Removed 35 stack frames]]>
    </failure>
  </testcase> <!-- verifyLoggingOutandBrowsingBack -->
  <testcase classname="tests.LogoutTest" name="verifyNoLogoutOptionBeforeLogininAccountDropMenu" time="3.254"/>
  <testcase classname="tests.LogoutTest" name="verifyNoLogoutOptionBeforeLoginInRightColumnOptions" time="3.691"/>
  <testcase classname="tests.LogoutTest" name="verifyLoginImmediatelyAfterLogout" time="3.468"/>
  <testcase classname="tests.LogoutTest" name="verifyLogoutPageBreadcrumbURLTitleHeading" time="2.95"/>
  <testcase classname="tests.LogoutTest" name="verifyLogoutUI" time="2.745"/>
  <testcase classname="tests.LogoutTest" name="verifyLogOutInAllEnvironments" time="2.537"/>
  <testcase classname="tests.RegisterTest" name="verifyRegisteringAccountUsingMandatoryFields" time="2.175"/>
  <testcase classname="tests.RegisterTest" name="verifyThankYourConfirmationEmailOnSuccessfulRegistration" time="5.027"/>
  <testcase classname="tests.RegisterTest" name="verifyRegistringAccountUsingAllFields" time="3.414"/>
  <testcase classname="tests.RegisterTest" name="verifyWarningMessageOfMandatoryFieldsInRegisterAccountPage" time="0.975"/>
  <testcase classname="tests.RegisterTest" name="verifyRegisteringAccountBySubscribingToNewsletter" time="2.58"/>
  <testcase classname="tests.RegisterTest" name="verifyRegisteringAccountByNotSubscribingToNewsletter" time="2.6"/>
  <testcase classname="tests.RegisterTest" name="verifyDifferentWaysOfNavigatingToRegisterAccountPage" time="1.409"/>
  <testcase classname="tests.RegisterTest" name="verifyRegisteringAccountByProvidingMismatchedPasswords" time="1.678"/>
  <testcase classname="tests.RegisterTest" name="verifyRegisterAccountWithExistingEmailAddress" time="1.713"/>
  <testcase classname="tests.RegisterTest" name="verifyRegisteringAccountUsingInvalidEmail" time="2.608"/>
  <testcase classname="tests.RegisterTest" name="verifyRegisteringAccountUsingInvalidTelephoneNumber" time="4.915">
    <failure type="java.lang.AssertionError" message="expected [true] but found [false]">
      <![CDATA[java.lang.AssertionError: expected [true] but found [false]
at tests.RegisterTest.verifyRegisteringAccountUsingInvalidTelephoneNumber(RegisterTest.java:384)
at java.base/java.util.ArrayList.forEach(ArrayList.java:1596)
... Removed 34 stack frames]]>
    </failure>
  </testcase> <!-- verifyRegisteringAccountUsingInvalidTelephoneNumber -->
  <testcase classname="tests.RegisterTest" name="verifyRegisteringAccountUsingKeyboardKeys" time="1.371"/>
  <testcase classname="tests.RegisterTest" name="verifyRegisterAccountPagePlaceholders" time="0.116"/>
  <testcase classname="tests.RegisterTest" name="verifyMandatoryFieldsInRegisterAccountPage" time="0.175">
    <failure type="java.lang.AssertionError" message="expected [&amp;quot;* &amp;quot;] but found [none]">
      <![CDATA[java.lang.AssertionError: expected ["* "] but found [none]
at tests.RegisterTest.verifyMandatoryFieldsInRegisterAccountPage(RegisterTest.java:510)
at java.base/java.util.ArrayList.forEach(ArrayList.java:1596)
... Removed 36 stack frames]]>
    </failure>
  </testcase> <!-- verifyMandatoryFieldsInRegisterAccountPage -->
  <testcase classname="tests.RegisterTest" name="verifyRegisteringAccountByEnteringOnlySpaces" time="4.729">
    <failure type="java.lang.AssertionError" message="expected [Telephone does not appear to be valid!] but found []">
      <![CDATA[java.lang.AssertionError: expected [Telephone does not appear to be valid!] but found []
at tests.RegisterTest.verifyRegisteringAccountByEnteringOnlySpaces(RegisterTest.java:622)
at java.base/java.util.ArrayList.forEach(ArrayList.java:1596)
... Removed 36 stack frames]]>
    </failure>
  </testcase> <!-- verifyRegisteringAccountByEnteringOnlySpaces -->
  <testcase classname="tests.RegisterTest" name="verifyRegisteringAccountUsingPasswordsWhichAreNotFollowingPasswordComplexityStandards" time="5.117">
    <failure type="java.lang.AssertionError" message="expected [true] but found [false]">
      <![CDATA[java.lang.AssertionError: expected [true] but found [false]
at tests.RegisterTest.verifyRegisteringAccountUsingPasswordsWhichAreNotFollowingPasswordComplexityStandards(RegisterTest.java:655)
at java.base/java.util.ArrayList.forEach(ArrayList.java:1596)
... Removed 34 stack frames]]>
    </failure>
  </testcase> <!-- verifyRegisteringAccountUsingPasswordsWhichAreNotFollowingPasswordComplexityStandards -->
  <testcase classname="tests.RegisterTest" name="verifyRegisteringAccountUsingPasswordsWhichAreNotFollowingPasswordComplexityStandards" time="5.427">
    <failure type="java.lang.AssertionError" message="expected [true] but found [false]">
      <![CDATA[java.lang.AssertionError: expected [true] but found [false]
at tests.RegisterTest.verifyRegisteringAccountUsingPasswordsWhichAreNotFollowingPasswordComplexityStandards(RegisterTest.java:655)
at java.base/java.util.ArrayList.forEach(ArrayList.java:1596)
... Removed 34 stack frames]]>
    </failure>
  </testcase> <!-- verifyRegisteringAccountUsingPasswordsWhichAreNotFollowingPasswordComplexityStandards -->
  <testcase classname="tests.RegisterTest" name="verifyRegisteringAccountUsingPasswordsWhichAreNotFollowingPasswordComplexityStandards" time="4.7">
    <failure type="java.lang.AssertionError" message="expected [true] but found [false]">
      <![CDATA[java.lang.AssertionError: expected [true] but found [false]
at tests.RegisterTest.verifyRegisteringAccountUsingPasswordsWhichAreNotFollowingPasswordComplexityStandards(RegisterTest.java:655)
at java.base/java.util.ArrayList.forEach(ArrayList.java:1596)
... Removed 34 stack frames]]>
    </failure>
  </testcase> <!-- verifyRegisteringAccountUsingPasswordsWhichAreNotFollowingPasswordComplexityStandards -->
  <testcase classname="tests.RegisterTest" name="verifyRegisteringAccountUsingPasswordsWhichAreNotFollowingPasswordComplexityStandards" time="5.98">
    <failure type="java.lang.AssertionError" message="expected [true] but found [false]">
      <![CDATA[java.lang.AssertionError: expected [true] but found [false]
at tests.RegisterTest.verifyRegisteringAccountUsingPasswordsWhichAreNotFollowingPasswordComplexityStandards(RegisterTest.java:655)
at java.base/java.util.ArrayList.forEach(ArrayList.java:1596)
... Removed 34 stack frames]]>
    </failure>
  </testcase> <!-- verifyRegisteringAccountUsingPasswordsWhichAreNotFollowingPasswordComplexityStandards -->
  <testcase classname="tests.RegisterTest" name="verifyRegisteringAccountUsingPasswordsWhichAreNotFollowingPasswordComplexityStandards" time="5.693">
    <failure type="java.lang.AssertionError" message="expected [true] but found [false]">
      <![CDATA[java.lang.AssertionError: expected [true] but found [false]
at tests.RegisterTest.verifyRegisteringAccountUsingPasswordsWhichAreNotFollowingPasswordComplexityStandards(RegisterTest.java:655)
at java.base/java.util.ArrayList.forEach(ArrayList.java:1596)
... Removed 34 stack frames]]>
    </failure>
  </testcase> <!-- verifyRegisteringAccountUsingPasswordsWhichAreNotFollowingPasswordComplexityStandards -->
  <testcase classname="tests.RegisterTest" name="verifyHeightWidthNumberOfCharacters" time="22.27">
    <failure type="java.lang.AssertionError" message="expected [Telephone must be between 3 and 32 characters!] but found []">
      <![CDATA[java.lang.AssertionError: expected [Telephone must be between 3 and 32 characters!] but found []
at tests.RegisterTest.verifyHeightWidthNumberOfCharacters(RegisterTest.java:761)
at java.base/java.util.ArrayList.forEach(ArrayList.java:1596)
... Removed 36 stack frames]]>
    </failure>
  </testcase> <!-- verifyHeightWidthNumberOfCharacters -->
  <testcase classname="tests.RegisterTest" name="verifyRegisterAccountUsingLeadingAndTrailingSpaces" time="3.366">
    <failure type="java.lang.AssertionError" message="The following asserts failed:
	expected [Arun] but found [     Arun     ],
	expected [Motoori] but found [     Motoori     ],
	expected [1234567890] but found [     1234567890     ]">
      <![CDATA[java.lang.AssertionError: The following asserts failed:
expected [Arun] but found [     Arun     ],
expected [Motoori] but found [     Motoori     ],
expected [1234567890] but found [     1234567890     ]
at tests.RegisterTest.verifyRegisterAccountUsingLeadingAndTrailingSpaces(RegisterTest.java:897)
at java.base/java.util.ArrayList.forEach(ArrayList.java:1596)
... Removed 32 stack frames]]>
    </failure>
  </testcase> <!-- verifyRegisterAccountUsingLeadingAndTrailingSpaces -->
  <testcase classname="tests.RegisterTest" name="verifyRegisterAccountPrivacyPolicyField" time="0.047"/>
  <testcase classname="tests.RegisterTest" name="verifyRegisteringAccountWithoutSelectingPrivacyPolicyCheckboxField" time="1.575"/>
  <testcase classname="tests.RegisterTest" name="verifyRegisteringAccountPasswordFieldsForSecurity" time="0.043"/>
  <testcase classname="tests.RegisterTest" name="verifyRegisterAccountPageNavigations" time="22.266"/>
  <testcase classname="tests.RegisterTest" name="verifyRegisteringAccountWithoutEnteringConfirmationPassword" time="1.562"/>
  <testcase classname="tests.RegisterTest" name="verifyRegisterAccountPageBreadcrumbURLTitleHeading" time="0.098"/>
  <testcase classname="tests.RegisterTest" name="verifyRegisterAccountUI" time="0.306"/>
  <testcase classname="tests.RegisterTest" name="verifyRegisterAccountInAllEnvironments" time="1.948"/>
  <testcase classname="tests.SearchTest" name="verifySearchWithAnExistingProduct" time="1.423"/>
  <testcase classname="tests.SearchTest" name="verifySearchWithAnNonExistingProduct" time="0.688"/>
  <testcase classname="tests.SearchTest" name="verifySearchWithoutAnyProduct" time="0.483"/>
  <testcase classname="tests.SearchTest" name="verifySearchAfterLogin" time="2.86"/>
  <testcase classname="tests.SearchTest" name="verifySearchWithProductHavingMultipleProducts" time="0.949"/>
  <testcase classname="tests.SearchTest" name="verifyPlaceholdersInSearchPage" time="0.528"/>
  <testcase classname="tests.SearchTest" name="verifySearchUsingSerchCriteriaField" time="1.08"/>
  <testcase classname="tests.SearchTest" name="verifySearchUsingTextInProductDescription" time="1.604"/>
  <testcase classname="tests.SearchTest" name="verifySearchBySelectingCategoryOfProduct" time="2.325"/>
  <testcase classname="tests.SearchTest" name="verifySearchBySelectingSubCategoryOfProduct" time="1.559"/>
  <testcase classname="tests.SearchTest" name="verifyListAndGridViewsInSearchResultsPageHavingOneProduct" time="5.062"/>
  <testcase classname="tests.SearchTest" name="verifyListAndGridViewsWhenMultipleProductsAreDisplayed" time="2.254"/>
  <testcase classname="tests.SearchTest" name="verifyNavigationToProductComparisonPageFromSearchResultsPage" time="1.04"/>
  <testcase classname="tests.SearchTest" name="verifyAllSortingOptionsInSearchResultsPage" time="1.212"/>
  <testcase classname="tests.SearchTest" name="verifyShowProductsByLimitingCount" time="1.495">
    <failure type="java.lang.AssertionError" message="expected [true] but found [false]">
      <![CDATA[java.lang.AssertionError: expected [true] but found [false]
at tests.SearchTest.verifyShowProductsByLimitingCount(SearchTest.java:211)
at java.base/java.util.ArrayList.forEach(ArrayList.java:1596)
... Removed 34 stack frames]]>
    </failure>
  </testcase> <!-- verifyShowProductsByLimitingCount -->
  <testcase classname="tests.SearchTest" name="verifyDisplayingOfSearchFieldAndSearchButtonOnAllPagesOfTheApplication" time="30.973"/>
  <testcase classname="tests.SearchTest" name="verifyNavigatingToSearchPageFromSiteMapPage" time="2.022"/>
  <testcase classname="tests.SearchTest" name="verifyBreadcrumbOptionInSearchResultsPage" time="1.092"/>
  <testcase classname="tests.SearchTest" name="verifyUsingAllOptionsOnSearchResultsPageUsingKeyboardKeys" time="4.545"/>
  <testcase classname="tests.SearchTest" name="verifySearchPageHeadingTitleURL" time="0.519"/>
  <testcase classname="tests.SearchTest" name="verifySearchPageUI" time="1.566"/>
  <testcase classname="tests.SearchTest" name="verifySearchFunctionalityInAllEnvironments" time="1.099"/>
  <testcase classname="tests.RegisterTest" name="verifyDataBaseTestingForRegisterAccount" time="0.0">
    <ignored/>
  </testcase> <!-- verifyDataBaseTestingForRegisterAccount -->
</testsuite> <!-- Surefire test -->
