<?xml version="1.0" encoding="UTF-8"?>
<!-- Generated by org.testng.reporters.JUnitXMLReporter -->
<testsuite ignored="14" hostname="Fatema-Kassim" failures="0" tests="1" name="Default test" time="5.637" errors="0" timestamp="2025-03-06T10:22:08 GST">
  <testcase classname="tests.Search" name="verifyShowProductsByLimitingCount" time="0.853"/>
  <testcase classname="tests.Search" name="verifySearchWithAnNonExistingProduct" time="0.0">
    <ignored/>
  </testcase> <!-- verifySearchWithAnNonExistingProduct -->
  <testcase classname="tests.Search" name="verifySearchBySelectingCategoryOfProduct" time="0.0">
    <ignored/>
  </testcase> <!-- verifySearchBySelectingCategoryOfProduct -->
  <testcase classname="tests.Search" name="verifyListAndGridViewsInSearchResultsPageHavingOneProduct" time="0.0">
    <ignored/>
  </testcase> <!-- verifyListAndGridViewsInSearchResultsPageHavingOneProduct -->
  <testcase classname="tests.Search" name="verifySearchAfterLogin" time="0.0">
    <ignored/>
  </testcase> <!-- verifySearchAfterLogin -->
  <testcase classname="tests.Search" name="verifyListAndGridViewsWhenMu1tip1eProductsAreDisp1ayed" time="0.0">
    <ignored/>
  </testcase> <!-- verifyListAndGridViewsWhenMu1tip1eProductsAreDisp1ayed -->
  <testcase classname="tests.Search" name="verifyA11SortingOptionsInSearchResu1tsPage" time="0.0">
    <ignored/>
  </testcase> <!-- verifyA11SortingOptionsInSearchResu1tsPage -->
  <testcase classname="tests.Search" name="verifyNavigationToProductComparisonPageFromSearchResu1tsPage" time="0.0">
    <ignored/>
  </testcase> <!-- verifyNavigationToProductComparisonPageFromSearchResu1tsPage -->
  <testcase classname="tests.Search" name="verifyPlaceholdersInSearchPage" time="0.0">
    <ignored/>
  </testcase> <!-- verifyPlaceholdersInSearchPage -->
  <testcase classname="tests.Search" name="verifySearchUsingTextInProductDescription" time="0.0">
    <ignored/>
  </testcase> <!-- verifySearchUsingTextInProductDescription -->
  <testcase classname="tests.Search" name="verifySearchWithProductHavingMultipleProducts" time="0.0">
    <ignored/>
  </testcase> <!-- verifySearchWithProductHavingMultipleProducts -->
  <testcase classname="tests.Search" name="verifySearchWithoutAnyProduct" time="0.0">
    <ignored/>
  </testcase> <!-- verifySearchWithoutAnyProduct -->
  <testcase classname="tests.Search" name="verifySearchUsingSerchCriteriaField" time="0.0">
    <ignored/>
  </testcase> <!-- verifySearchUsingSerchCriteriaField -->
  <testcase classname="tests.Search" name="verifySearchWithAnExistingProduct" time="0.0">
    <ignored/>
  </testcase> <!-- verifySearchWithAnExistingProduct -->
  <testcase classname="tests.Search" name="verifySearchBySelectingSubCategoryOfProduct" time="0.0">
    <ignored/>
  </testcase> <!-- verifySearchBySelectingSubCategoryOfProduct -->
</testsuite> <!-- Default test -->
