<?xml version="1.0" encoding="UTF-8"?>
<!-- Generated by org.testng.reporters.JUnitXMLReporter -->
<testsuite ignored="18" hostname="Fatema-Kassim" failures="1" tests="3" name="Test" time="22.158" errors="0" timestamp="2025-03-25T12:32:40 GST">
  <testcase classname="tests.Login" name="verifyCopyingOfTextEnteredIntoPasswordField" time="0.556"/>
  <testcase classname="tests.Login" name="verifyPasswordIsNotVisibleInPageSource" time="1.174">
    <failure type="java.lang.AssertionError" message="expected [false] but found [true]">
      <![CDATA[java.lang.AssertionError: expected [false] but found [true]
at tests.Login.verifyPasswordIsNotVisibleInPageSource(Login.java:182)
at java.base/java.util.ArrayList.forEach(ArrayList.java:1596)
... Removed 29 stack frames]]>
    </failure>
  </testcase> <!-- verifyPasswordIsNotVisibleInPageSource -->
  <testcase classname="tests.Login" name="verifyLoggingIntoApplicaLtionUsingChangedPassword" time="6.921"/>
  <testcase classname="tests.Login" name="verifyForgottenPasswordLink" time="0.0">
    <ignored/>
  </testcase> <!-- verifyForgottenPasswordLink -->
  <testcase classname="tests.Login" name="loginUsingInvalidCredentials" time="0.0">
    <ignored/>
  </testcase> <!-- loginUsingInvalidCredentials -->
  <testcase classname="tests.Login" name="verifyBrowsingBackAfterLogin" time="0.0">
    <ignored/>
  </testcase> <!-- verifyBrowsingBackAfterLogin -->
  <testcase classname="tests.Login" name="loginUsingValidEmailAndInvalidPassword" time="0.0">
    <ignored/>
  </testcase> <!-- loginUsingValidEmailAndInvalidPassword -->
  <testcase classname="tests.Login" name="loginWithoutCreddentials" time="0.0">
    <ignored/>
  </testcase> <!-- loginWithoutCreddentials -->
  <testcase classname="tests.Login" name="verifyRegisterAccountPageBreadcrumbURLTitleHeading" time="0.0">
    <ignored/>
  </testcase> <!-- verifyRegisterAccountPageBreadcrumbURLTitleHeading -->
  <testcase classname="tests.Login" name="verifyLoginAccountPageNavigations" time="0.0">
    <ignored/>
  </testcase> <!-- verifyLoginAccountPageNavigations -->
  <testcase classname="tests.Login" name="verifyLoginPageUI" time="0.0">
    <ignored/>
  </testcase> <!-- verifyLoginPageUI -->
  <testcase classname="tests.Login" name="loginUsingValidCredentials" time="0.0">
    <ignored/>
  </testcase> <!-- loginUsingValidCredentials -->
  <testcase classname="tests.Login" name="verifyBrowsingBackAfterLogout" time="0.0">
    <ignored/>
  </testcase> <!-- verifyBrowsingBackAfterLogout -->
  <testcase classname="tests.Login" name="loginUsingInvalidEmailAndValidPassword" time="0.0">
    <ignored/>
  </testcase> <!-- loginUsingInvalidEmailAndValidPassword -->
  <testcase classname="tests.Login" name="verifyRegisterAccountInAllEnvironments" time="0.0">
    <ignored/>
  </testcase> <!-- verifyRegisterAccountInAllEnvironments -->
  <testcase classname="tests.Login" name="verifyDifferrentWaysOfNavigatingToLoginPage" time="0.0">
    <ignored/>
  </testcase> <!-- verifyDifferrentWaysOfNavigatingToLoginPage -->
  <testcase classname="tests.Login" name="verifyLoginPasswordFieldForVisibility" time="0.0">
    <ignored/>
  </testcase> <!-- verifyLoginPasswordFieldForVisibility -->
  <testcase classname="tests.Login" name="verifyPlaceholdersInLoginPage" time="0.0">
    <ignored/>
  </testcase> <!-- verifyPlaceholdersInLoginPage -->
  <testcase classname="tests.Login" name="verifyNumberOfUnsuccessfulAttempts" time="0.0">
    <ignored/>
  </testcase> <!-- verifyNumberOfUnsuccessfulAttempts -->
  <testcase classname="tests.Login" name="loginUsingInactiveEmail" time="0.0">
    <ignored/>
  </testcase> <!-- loginUsingInactiveEmail -->
  <testcase classname="tests.Login" name="verifyLoggingInUsingKeyboardKeys" time="0.0">
    <ignored/>
  </testcase> <!-- verifyLoggingInUsingKeyboardKeys -->
</testsuite> <!-- Test -->
