<?xml version="1.0" encoding="UTF-8"?>
<testng-results ignored="0" total="21" passed="17" failed="4" skipped="0">
  <reporter-output>
  </reporter-output>
  <suite started-at="2025-04-07T11:24:26 GST" name="Suite" finished-at="2025-04-07T11:26:29 GST" duration-ms="122561">
    <groups>
    </groups>
    <test started-at="2025-04-07T11:24:26 GST" name="Test" finished-at="2025-04-07T11:26:29 GST" duration-ms="122561">
      <class name="tests.LoginTest">
        <test-method is-config="true" signature="setup()[pri:0, instance:tests.LoginTest@7334aada]" started-at="2025-04-07T11:24:26 GST" name="setup" finished-at="2025-04-07T11:24:30 GST" duration-ms="3501" status="PASS">
          <reporter-output>
          </reporter-output>
        </test-method> <!-- setup -->
        <test-method signature="loginUsingValidCredentials()[pri:1, instance:tests.LoginTest@7334aada]" started-at="2025-04-07T11:24:30 GST" name="loginUsingValidCredentials" finished-at="2025-04-07T11:24:31 GST" duration-ms="1477" status="PASS">
          <reporter-output>
          </reporter-output>
        </test-method> <!-- loginUsingValidCredentials -->
        <test-method is-config="true" signature="teardown()[pri:0, instance:tests.LoginTest@7334aada]" started-at="2025-04-07T11:24:31 GST" name="teardown" finished-at="2025-04-07T11:24:32 GST" duration-ms="248" status="PASS">
          <reporter-output>
          </reporter-output>
        </test-method> <!-- teardown -->
        <test-method is-config="true" signature="setup()[pri:0, instance:tests.LoginTest@7334aada]" started-at="2025-04-07T11:24:32 GST" name="setup" finished-at="2025-04-07T11:24:34 GST" duration-ms="2558" status="PASS">
          <reporter-output>
          </reporter-output>
        </test-method> <!-- setup -->
        <test-method signature="loginUsingInvalidCredentials()[pri:2, instance:tests.LoginTest@7334aada]" started-at="2025-04-07T11:24:34 GST" name="loginUsingInvalidCredentials" finished-at="2025-04-07T11:24:35 GST" duration-ms="1151" status="PASS">
          <reporter-output>
          </reporter-output>
        </test-method> <!-- loginUsingInvalidCredentials -->
        <test-method is-config="true" signature="teardown()[pri:0, instance:tests.LoginTest@7334aada]" started-at="2025-04-07T11:24:35 GST" name="teardown" finished-at="2025-04-07T11:24:36 GST" duration-ms="182" status="PASS">
          <reporter-output>
          </reporter-output>
        </test-method> <!-- teardown -->
        <test-method is-config="true" signature="setup()[pri:0, instance:tests.LoginTest@7334aada]" started-at="2025-04-07T11:24:36 GST" name="setup" finished-at="2025-04-07T11:24:39 GST" duration-ms="2915" status="PASS">
          <reporter-output>
          </reporter-output>
        </test-method> <!-- setup -->
        <test-method signature="loginUsingInvalidEmailAndValidPassword()[pri:3, instance:tests.LoginTest@7334aada]" started-at="2025-04-07T11:24:39 GST" name="loginUsingInvalidEmailAndValidPassword" finished-at="2025-04-07T11:24:40 GST" duration-ms="1205" status="PASS">
          <reporter-output>
          </reporter-output>
        </test-method> <!-- loginUsingInvalidEmailAndValidPassword -->
        <test-method is-config="true" signature="teardown()[pri:0, instance:tests.LoginTest@7334aada]" started-at="2025-04-07T11:24:40 GST" name="teardown" finished-at="2025-04-07T11:24:40 GST" duration-ms="200" status="PASS">
          <reporter-output>
          </reporter-output>
        </test-method> <!-- teardown -->
        <test-method is-config="true" signature="setup()[pri:0, instance:tests.LoginTest@7334aada]" started-at="2025-04-07T11:24:40 GST" name="setup" finished-at="2025-04-07T11:24:43 GST" duration-ms="3008" status="PASS">
          <reporter-output>
          </reporter-output>
        </test-method> <!-- setup -->
        <test-method signature="loginUsingValidEmailAndInvalidPassword()[pri:4, instance:tests.LoginTest@7334aada]" started-at="2025-04-07T11:24:43 GST" name="loginUsingValidEmailAndInvalidPassword" finished-at="2025-04-07T11:24:44 GST" duration-ms="1228" status="PASS">
          <reporter-output>
          </reporter-output>
        </test-method> <!-- loginUsingValidEmailAndInvalidPassword -->
        <test-method is-config="true" signature="teardown()[pri:0, instance:tests.LoginTest@7334aada]" started-at="2025-04-07T11:24:44 GST" name="teardown" finished-at="2025-04-07T11:24:44 GST" duration-ms="208" status="PASS">
          <reporter-output>
          </reporter-output>
        </test-method> <!-- teardown -->
        <test-method is-config="true" signature="setup()[pri:0, instance:tests.LoginTest@7334aada]" started-at="2025-04-07T11:24:44 GST" name="setup" finished-at="2025-04-07T11:24:47 GST" duration-ms="2886" status="PASS">
          <reporter-output>
          </reporter-output>
        </test-method> <!-- setup -->
        <test-method signature="loginWithoutCreddentials()[pri:5, instance:tests.LoginTest@7334aada]" started-at="2025-04-07T11:24:47 GST" name="loginWithoutCreddentials" finished-at="2025-04-07T11:24:48 GST" duration-ms="749" status="PASS">
          <reporter-output>
          </reporter-output>
        </test-method> <!-- loginWithoutCreddentials -->
        <test-method is-config="true" signature="teardown()[pri:0, instance:tests.LoginTest@7334aada]" started-at="2025-04-07T11:24:48 GST" name="teardown" finished-at="2025-04-07T11:24:48 GST" duration-ms="226" status="PASS">
          <reporter-output>
          </reporter-output>
        </test-method> <!-- teardown -->
        <test-method is-config="true" signature="setup()[pri:0, instance:tests.LoginTest@7334aada]" started-at="2025-04-07T11:24:48 GST" name="setup" finished-at="2025-04-07T11:24:52 GST" duration-ms="3317" status="PASS">
          <reporter-output>
          </reporter-output>
        </test-method> <!-- setup -->
        <test-method signature="verifyForgottenPasswordLink()[pri:6, instance:tests.LoginTest@7334aada]" started-at="2025-04-07T11:24:52 GST" name="verifyForgottenPasswordLink" finished-at="2025-04-07T11:24:52 GST" duration-ms="543" status="PASS">
          <reporter-output>
          </reporter-output>
        </test-method> <!-- verifyForgottenPasswordLink -->
        <test-method is-config="true" signature="teardown()[pri:0, instance:tests.LoginTest@7334aada]" started-at="2025-04-07T11:24:52 GST" name="teardown" finished-at="2025-04-07T11:24:52 GST" duration-ms="283" status="PASS">
          <reporter-output>
          </reporter-output>
        </test-method> <!-- teardown -->
        <test-method is-config="true" signature="setup()[pri:0, instance:tests.LoginTest@7334aada]" started-at="2025-04-07T11:24:52 GST" name="setup" finished-at="2025-04-07T11:24:55 GST" duration-ms="2731" status="PASS">
          <reporter-output>
          </reporter-output>
        </test-method> <!-- setup -->
        <test-method signature="verifyLoggingInUsingKeyboardKeys()[pri:7, instance:tests.LoginTest@7334aada]" started-at="2025-04-07T11:24:55 GST" name="verifyLoggingInUsingKeyboardKeys" finished-at="2025-04-07T11:24:56 GST" duration-ms="1202" status="PASS">
          <reporter-output>
          </reporter-output>
        </test-method> <!-- verifyLoggingInUsingKeyboardKeys -->
        <test-method is-config="true" signature="teardown()[pri:0, instance:tests.LoginTest@7334aada]" started-at="2025-04-07T11:24:56 GST" name="teardown" finished-at="2025-04-07T11:24:57 GST" duration-ms="231" status="PASS">
          <reporter-output>
          </reporter-output>
        </test-method> <!-- teardown -->
        <test-method is-config="true" signature="setup()[pri:0, instance:tests.LoginTest@7334aada]" started-at="2025-04-07T11:24:57 GST" name="setup" finished-at="2025-04-07T11:25:00 GST" duration-ms="3213" status="PASS">
          <reporter-output>
          </reporter-output>
        </test-method> <!-- setup -->
        <test-method signature="verifyPlaceholdersInLoginPage()[pri:8, instance:tests.LoginTest@7334aada]" started-at="2025-04-07T11:25:00 GST" name="verifyPlaceholdersInLoginPage" finished-at="2025-04-07T11:25:00 GST" duration-ms="91" status="PASS">
          <reporter-output>
          </reporter-output>
        </test-method> <!-- verifyPlaceholdersInLoginPage -->
        <test-method is-config="true" signature="teardown()[pri:0, instance:tests.LoginTest@7334aada]" started-at="2025-04-07T11:25:00 GST" name="teardown" finished-at="2025-04-07T11:25:00 GST" duration-ms="303" status="PASS">
          <reporter-output>
          </reporter-output>
        </test-method> <!-- teardown -->
        <test-method is-config="true" signature="setup()[pri:0, instance:tests.LoginTest@7334aada]" started-at="2025-04-07T11:25:00 GST" name="setup" finished-at="2025-04-07T11:25:04 GST" duration-ms="3989" status="PASS">
          <reporter-output>
          </reporter-output>
        </test-method> <!-- setup -->
        <test-method signature="verifyBrowsingBackAfterLogin()[pri:9, instance:tests.LoginTest@7334aada]" started-at="2025-04-07T11:25:04 GST" name="verifyBrowsingBackAfterLogin" finished-at="2025-04-07T11:25:06 GST" duration-ms="1995" status="PASS">
          <reporter-output>
          </reporter-output>
        </test-method> <!-- verifyBrowsingBackAfterLogin -->
        <test-method is-config="true" signature="teardown()[pri:0, instance:tests.LoginTest@7334aada]" started-at="2025-04-07T11:25:06 GST" name="teardown" finished-at="2025-04-07T11:25:06 GST" duration-ms="238" status="PASS">
          <reporter-output>
          </reporter-output>
        </test-method> <!-- teardown -->
        <test-method is-config="true" signature="setup()[pri:0, instance:tests.LoginTest@7334aada]" started-at="2025-04-07T11:25:06 GST" name="setup" finished-at="2025-04-07T11:25:09 GST" duration-ms="3006" status="PASS">
          <reporter-output>
          </reporter-output>
        </test-method> <!-- setup -->
        <test-method signature="verifyBrowsingBackAfterLogout()[pri:10, instance:tests.LoginTest@7334aada]" started-at="2025-04-07T11:25:09 GST" name="verifyBrowsingBackAfterLogout" finished-at="2025-04-07T11:25:13 GST" duration-ms="3290" status="PASS">
          <reporter-output>
          </reporter-output>
        </test-method> <!-- verifyBrowsingBackAfterLogout -->
        <test-method is-config="true" signature="teardown()[pri:0, instance:tests.LoginTest@7334aada]" started-at="2025-04-07T11:25:13 GST" name="teardown" finished-at="2025-04-07T11:25:13 GST" duration-ms="260" status="PASS">
          <reporter-output>
          </reporter-output>
        </test-method> <!-- teardown -->
        <test-method is-config="true" signature="setup()[pri:0, instance:tests.LoginTest@7334aada]" started-at="2025-04-07T11:25:13 GST" name="setup" finished-at="2025-04-07T11:25:16 GST" duration-ms="2990" status="PASS">
          <reporter-output>
          </reporter-output>
        </test-method> <!-- setup -->
        <test-method signature="loginUsingInactiveEmail()[pri:11, instance:tests.LoginTest@7334aada]" started-at="2025-04-07T11:25:16 GST" name="loginUsingInactiveEmail" finished-at="2025-04-07T11:25:17 GST" duration-ms="1492" status="PASS">
          <reporter-output>
          </reporter-output>
        </test-method> <!-- loginUsingInactiveEmail -->
        <test-method is-config="true" signature="teardown()[pri:0, instance:tests.LoginTest@7334aada]" started-at="2025-04-07T11:25:17 GST" name="teardown" finished-at="2025-04-07T11:25:18 GST" duration-ms="252" status="PASS">
          <reporter-output>
          </reporter-output>
        </test-method> <!-- teardown -->
        <test-method is-config="true" signature="setup()[pri:0, instance:tests.LoginTest@7334aada]" started-at="2025-04-07T11:25:18 GST" name="setup" finished-at="2025-04-07T11:25:21 GST" duration-ms="3032" status="PASS">
          <reporter-output>
          </reporter-output>
        </test-method> <!-- setup -->
        <test-method signature="verifyNumberOfUnsuccessfulAttempts()[pri:12, instance:tests.LoginTest@7334aada]" started-at="2025-04-07T11:25:21 GST" name="verifyNumberOfUnsuccessfulAttempts" finished-at="2025-04-07T11:25:23 GST" duration-ms="2690" status="FAIL">
          <exception class="org.openqa.selenium.StaleElementReferenceException">
            <message>
              <![CDATA[stale element reference: stale element not found
  (Session info: chrome=134.0.6998.179)
For documentation on this error, please visit: https://www.selenium.dev/documentation/webdriver/troubleshooting/errors#stale-element-reference-exception
Build info: version: '4.29.0', revision: '5fc1ec94cb'
System info: os.name: 'Windows 11', os.arch: 'amd64', os.version: '10.0', java.version: '21.0.1'
Driver info: org.openqa.selenium.chrome.ChromeDriver
Command: [1212aaf5411343c802a5acc381a992f7, isElementDisplayed {id=f.1C9D2606043A6A7252F2E455A91A56B2.d.2D25EB7916A64D475A06ACFD071B773B.e.1304}]
Capabilities {acceptInsecureCerts: false, browserName: chrome, browserVersion: 134.0.6998.179, chrome: {chromedriverVersion: 134.0.6998.165 (fd886e2cb29..., userDataDir: C:\Users\kassi\AppData\Loca...}, fedcm:accounts: true, goog:chromeOptions: {debuggerAddress: localhost:59257}, networkConnectionEnabled: false, pageLoadStrategy: normal, platformName: windows, proxy: Proxy(), se:cdp: ws://localhost:59257/devtoo..., se:cdpVersion: 134.0.6998.179, setWindowRect: true, strictFileInteractability: false, timeouts: {implicit: 0, pageLoad: 300000, script: 30000}, unhandledPromptBehavior: dismiss and notify, webauthn:extension:credBlob: true, webauthn:extension:largeBlob: true, webauthn:extension:minPinLength: true, webauthn:extension:prf: true, webauthn:virtualAuthenticators: true}
Element: [[ChromeDriver: chrome on windows (1212aaf5411343c802a5acc381a992f7)] -> id: input-email]
Session ID: 1212aaf5411343c802a5acc381a992f7]]>
            </message>
            <full-stacktrace>
              <![CDATA[org.openqa.selenium.StaleElementReferenceException: stale element reference: stale element not found
  (Session info: chrome=134.0.6998.179)
For documentation on this error, please visit: https://www.selenium.dev/documentation/webdriver/troubleshooting/errors#stale-element-reference-exception
Build info: version: '4.29.0', revision: '5fc1ec94cb'
System info: os.name: 'Windows 11', os.arch: 'amd64', os.version: '10.0', java.version: '21.0.1'
Driver info: org.openqa.selenium.chrome.ChromeDriver
Command: [1212aaf5411343c802a5acc381a992f7, isElementDisplayed {id=f.1C9D2606043A6A7252F2E455A91A56B2.d.2D25EB7916A64D475A06ACFD071B773B.e.1304}]
Capabilities {acceptInsecureCerts: false, browserName: chrome, browserVersion: 134.0.6998.179, chrome: {chromedriverVersion: 134.0.6998.165 (fd886e2cb29..., userDataDir: C:\Users\kassi\AppData\Loca...}, fedcm:accounts: true, goog:chromeOptions: {debuggerAddress: localhost:59257}, networkConnectionEnabled: false, pageLoadStrategy: normal, platformName: windows, proxy: Proxy(), se:cdp: ws://localhost:59257/devtoo..., se:cdpVersion: 134.0.6998.179, setWindowRect: true, strictFileInteractability: false, timeouts: {implicit: 0, pageLoad: 300000, script: 30000}, unhandledPromptBehavior: dismiss and notify, webauthn:extension:credBlob: true, webauthn:extension:largeBlob: true, webauthn:extension:minPinLength: true, webauthn:extension:prf: true, webauthn:virtualAuthenticators: true}
Element: [[ChromeDriver: chrome on windows (1212aaf5411343c802a5acc381a992f7)] -> id: input-email]
Session ID: 1212aaf5411343c802a5acc381a992f7
at java.base/jdk.internal.reflect.DirectConstructorHandleAccessor.newInstance(DirectConstructorHandleAccessor.java:62)
at java.base/java.lang.reflect.Constructor.newInstanceWithCaller(Constructor.java:502)
at java.base/java.lang.reflect.Constructor.newInstance(Constructor.java:486)
at org.openqa.selenium.remote.ErrorCodec.decode(ErrorCodec.java:167)
at org.openqa.selenium.remote.codec.w3c.W3CHttpResponseCodec.decode(W3CHttpResponseCodec.java:138)
at org.openqa.selenium.remote.codec.w3c.W3CHttpResponseCodec.decode(W3CHttpResponseCodec.java:50)
at org.openqa.selenium.remote.HttpCommandExecutor.execute(HttpCommandExecutor.java:215)
at org.openqa.selenium.remote.service.DriverCommandExecutor.invokeExecute(DriverCommandExecutor.java:216)
at org.openqa.selenium.remote.service.DriverCommandExecutor.execute(DriverCommandExecutor.java:174)
at org.openqa.selenium.remote.RemoteWebDriver.execute(RemoteWebDriver.java:545)
at org.openqa.selenium.remote.RemoteWebElement.execute(RemoteWebElement.java:223)
at org.openqa.selenium.remote.RemoteWebElement.isDisplayed(RemoteWebElement.java:282)
at java.base/jdk.internal.reflect.DirectMethodHandleAccessor.invoke(DirectMethodHandleAccessor.java:103)
at java.base/java.lang.reflect.Method.invoke(Method.java:580)
at org.openqa.selenium.support.pagefactory.internal.LocatingElementHandler.invoke(LocatingElementHandler.java:51)
at jdk.proxy2/jdk.proxy2.$Proxy11.isDisplayed(Unknown Source)
at utils.ElementUtilities.isElementDisplayedOnPage(ElementUtilities.java:111)
at utils.ElementUtilities.enterTextIntoElement(ElementUtilities.java:142)
at pages.LoginPage.logInToApplication(LoginPage.java:86)
at tests.LoginTest.verifyNumberOfUnsuccessfulAttempts(LoginTest.java:152)
at java.base/jdk.internal.reflect.DirectMethodHandleAccessor.invoke(DirectMethodHandleAccessor.java:103)
at java.base/java.lang.reflect.Method.invoke(Method.java:580)
at org.testng.internal.invokers.MethodInvocationHelper.invokeMethod(MethodInvocationHelper.java:141)
at org.testng.internal.invokers.TestInvoker.invokeMethod(TestInvoker.java:686)
at org.testng.internal.invokers.TestInvoker.invokeTestMethod(TestInvoker.java:230)
at org.testng.internal.invokers.MethodRunner.runInSequence(MethodRunner.java:63)
at org.testng.internal.invokers.TestInvoker$MethodInvocationAgent.invoke(TestInvoker.java:992)
at org.testng.internal.invokers.TestInvoker.invokeTestMethods(TestInvoker.java:203)
at org.testng.internal.invokers.TestMethodWorker.invokeTestMethods(TestMethodWorker.java:154)
at org.testng.internal.invokers.TestMethodWorker.run(TestMethodWorker.java:134)
at java.base/java.util.ArrayList.forEach(ArrayList.java:1596)
at org.testng.TestRunner.privateRun(TestRunner.java:739)
at org.testng.TestRunner.run(TestRunner.java:614)
at org.testng.SuiteRunner.runTest(SuiteRunner.java:421)
at org.testng.SuiteRunner.runSequentially(SuiteRunner.java:413)
at org.testng.SuiteRunner.privateRun(SuiteRunner.java:373)
at org.testng.SuiteRunner.run(SuiteRunner.java:312)
at org.testng.SuiteRunnerWorker.runSuite(SuiteRunnerWorker.java:52)
at org.testng.SuiteRunnerWorker.run(SuiteRunnerWorker.java:95)
at org.testng.TestNG.runSuitesSequentially(TestNG.java:1274)
at org.testng.TestNG.runSuitesLocally(TestNG.java:1208)
at org.testng.TestNG.runSuites(TestNG.java:1112)
at org.testng.TestNG.run(TestNG.java:1079)
at org.apache.maven.surefire.testng.TestNGExecutor.run(TestNGExecutor.java:308)
at org.apache.maven.surefire.testng.TestNGXmlTestSuite.execute(TestNGXmlTestSuite.java:71)
at org.apache.maven.surefire.testng.TestNGProvider.invoke(TestNGProvider.java:113)
at org.apache.maven.surefire.booter.ForkedBooter.runSuitesInProcess(ForkedBooter.java:385)
at org.apache.maven.surefire.booter.ForkedBooter.execute(ForkedBooter.java:162)
at org.apache.maven.surefire.booter.ForkedBooter.run(ForkedBooter.java:507)
at org.apache.maven.surefire.booter.ForkedBooter.main(ForkedBooter.java:495)
]]>
            </full-stacktrace>
          </exception> <!-- org.openqa.selenium.StaleElementReferenceException -->
          <reporter-output>
          </reporter-output>
        </test-method> <!-- verifyNumberOfUnsuccessfulAttempts -->
        <test-method is-config="true" signature="teardown()[pri:0, instance:tests.LoginTest@7334aada]" started-at="2025-04-07T11:25:24 GST" name="teardown" finished-at="2025-04-07T11:25:24 GST" duration-ms="255" status="PASS">
          <reporter-output>
          </reporter-output>
        </test-method> <!-- teardown -->
        <test-method is-config="true" signature="setup()[pri:0, instance:tests.LoginTest@7334aada]" started-at="2025-04-07T11:25:24 GST" name="setup" finished-at="2025-04-07T11:25:26 GST" duration-ms="2634" status="PASS">
          <reporter-output>
          </reporter-output>
        </test-method> <!-- setup -->
        <test-method signature="verifyLoginPasswordFieldForVisibility()[pri:13, instance:tests.LoginTest@7334aada]" started-at="2025-04-07T11:25:26 GST" name="verifyLoginPasswordFieldForVisibility" finished-at="2025-04-07T11:25:27 GST" duration-ms="30" status="PASS">
          <reporter-output>
          </reporter-output>
        </test-method> <!-- verifyLoginPasswordFieldForVisibility -->
        <test-method is-config="true" signature="teardown()[pri:0, instance:tests.LoginTest@7334aada]" started-at="2025-04-07T11:25:27 GST" name="teardown" finished-at="2025-04-07T11:25:27 GST" duration-ms="220" status="PASS">
          <reporter-output>
          </reporter-output>
        </test-method> <!-- teardown -->
        <test-method is-config="true" signature="setup()[pri:0, instance:tests.LoginTest@7334aada]" started-at="2025-04-07T11:25:27 GST" name="setup" finished-at="2025-04-07T11:25:29 GST" duration-ms="2644" status="PASS">
          <reporter-output>
          </reporter-output>
        </test-method> <!-- setup -->
        <test-method signature="verifyCopyingOfTextEnteredIntoPasswordField()[pri:14, instance:tests.LoginTest@7334aada]" started-at="2025-04-07T11:25:29 GST" name="verifyCopyingOfTextEnteredIntoPasswordField" finished-at="2025-04-07T11:25:30 GST" duration-ms="603" status="PASS">
          <reporter-output>
          </reporter-output>
        </test-method> <!-- verifyCopyingOfTextEnteredIntoPasswordField -->
        <test-method is-config="true" signature="teardown()[pri:0, instance:tests.LoginTest@7334aada]" started-at="2025-04-07T11:25:30 GST" name="teardown" finished-at="2025-04-07T11:25:30 GST" duration-ms="247" status="PASS">
          <reporter-output>
          </reporter-output>
        </test-method> <!-- teardown -->
        <test-method is-config="true" signature="setup()[pri:0, instance:tests.LoginTest@7334aada]" started-at="2025-04-07T11:25:30 GST" name="setup" finished-at="2025-04-07T11:25:34 GST" duration-ms="3297" status="PASS">
          <reporter-output>
          </reporter-output>
        </test-method> <!-- setup -->
        <test-method signature="verifyPasswordIsNotVisibleInPageSource()[pri:15, instance:tests.LoginTest@7334aada]" started-at="2025-04-07T11:25:34 GST" name="verifyPasswordIsNotVisibleInPageSource" finished-at="2025-04-07T11:25:35 GST" duration-ms="1026" status="FAIL">
          <exception class="java.lang.AssertionError">
            <message>
              <![CDATA[expected [false] but found [true]]]>
            </message>
            <full-stacktrace>
              <![CDATA[java.lang.AssertionError: expected [false] but found [true]
at org.testng.Assert.fail(Assert.java:111)
at org.testng.Assert.failNotEquals(Assert.java:1578)
at org.testng.Assert.assertFalse(Assert.java:79)
at org.testng.Assert.assertFalse(Assert.java:89)
at tests.LoginTest.verifyPasswordIsNotVisibleInPageSource(LoginTest.java:182)
at java.base/jdk.internal.reflect.DirectMethodHandleAccessor.invoke(DirectMethodHandleAccessor.java:103)
at java.base/java.lang.reflect.Method.invoke(Method.java:580)
at org.testng.internal.invokers.MethodInvocationHelper.invokeMethod(MethodInvocationHelper.java:141)
at org.testng.internal.invokers.TestInvoker.invokeMethod(TestInvoker.java:686)
at org.testng.internal.invokers.TestInvoker.invokeTestMethod(TestInvoker.java:230)
at org.testng.internal.invokers.MethodRunner.runInSequence(MethodRunner.java:63)
at org.testng.internal.invokers.TestInvoker$MethodInvocationAgent.invoke(TestInvoker.java:992)
at org.testng.internal.invokers.TestInvoker.invokeTestMethods(TestInvoker.java:203)
at org.testng.internal.invokers.TestMethodWorker.invokeTestMethods(TestMethodWorker.java:154)
at org.testng.internal.invokers.TestMethodWorker.run(TestMethodWorker.java:134)
at java.base/java.util.ArrayList.forEach(ArrayList.java:1596)
at org.testng.TestRunner.privateRun(TestRunner.java:739)
at org.testng.TestRunner.run(TestRunner.java:614)
at org.testng.SuiteRunner.runTest(SuiteRunner.java:421)
at org.testng.SuiteRunner.runSequentially(SuiteRunner.java:413)
at org.testng.SuiteRunner.privateRun(SuiteRunner.java:373)
at org.testng.SuiteRunner.run(SuiteRunner.java:312)
at org.testng.SuiteRunnerWorker.runSuite(SuiteRunnerWorker.java:52)
at org.testng.SuiteRunnerWorker.run(SuiteRunnerWorker.java:95)
at org.testng.TestNG.runSuitesSequentially(TestNG.java:1274)
at org.testng.TestNG.runSuitesLocally(TestNG.java:1208)
at org.testng.TestNG.runSuites(TestNG.java:1112)
at org.testng.TestNG.run(TestNG.java:1079)
at org.apache.maven.surefire.testng.TestNGExecutor.run(TestNGExecutor.java:308)
at org.apache.maven.surefire.testng.TestNGXmlTestSuite.execute(TestNGXmlTestSuite.java:71)
at org.apache.maven.surefire.testng.TestNGProvider.invoke(TestNGProvider.java:113)
at org.apache.maven.surefire.booter.ForkedBooter.runSuitesInProcess(ForkedBooter.java:385)
at org.apache.maven.surefire.booter.ForkedBooter.execute(ForkedBooter.java:162)
at org.apache.maven.surefire.booter.ForkedBooter.run(ForkedBooter.java:507)
at org.apache.maven.surefire.booter.ForkedBooter.main(ForkedBooter.java:495)
]]>
            </full-stacktrace>
          </exception> <!-- java.lang.AssertionError -->
          <reporter-output>
          </reporter-output>
        </test-method> <!-- verifyPasswordIsNotVisibleInPageSource -->
        <test-method is-config="true" signature="teardown()[pri:0, instance:tests.LoginTest@7334aada]" started-at="2025-04-07T11:25:35 GST" name="teardown" finished-at="2025-04-07T11:25:35 GST" duration-ms="222" status="PASS">
          <reporter-output>
          </reporter-output>
        </test-method> <!-- teardown -->
        <test-method is-config="true" signature="setup()[pri:0, instance:tests.LoginTest@7334aada]" started-at="2025-04-07T11:25:35 GST" name="setup" finished-at="2025-04-07T11:25:38 GST" duration-ms="2893" status="PASS">
          <reporter-output>
          </reporter-output>
        </test-method> <!-- setup -->
        <test-method signature="verifyLoggingIntoApplicaLtionUsingChangedPassword()[pri:16, instance:tests.LoginTest@7334aada]" started-at="2025-04-07T11:25:38 GST" name="verifyLoggingIntoApplicaLtionUsingChangedPassword" finished-at="2025-04-07T11:25:42 GST" duration-ms="3840" status="FAIL">
          <exception class="org.openqa.selenium.NoSuchElementException">
            <message>
              <![CDATA[no such element: Unable to locate element: {"method":"link text","selector":"Change your password"}
  (Session info: chrome=134.0.6998.179)
For documentation on this error, please visit: https://www.selenium.dev/documentation/webdriver/troubleshooting/errors#no-such-element-exception
Build info: version: '4.29.0', revision: '5fc1ec94cb'
System info: os.name: 'Windows 11', os.arch: 'amd64', os.version: '10.0', java.version: '21.0.1'
Driver info: org.openqa.selenium.chrome.ChromeDriver
Command: [0717a61d49f0ad9acd2d1f98daa510a0, findElement {value=Change your password, using=link text}]
Capabilities {acceptInsecureCerts: false, browserName: chrome, browserVersion: 134.0.6998.179, chrome: {chromedriverVersion: 134.0.6998.165 (fd886e2cb29..., userDataDir: C:\Users\kassi\AppData\Loca...}, fedcm:accounts: true, goog:chromeOptions: {debuggerAddress: localhost:59341}, networkConnectionEnabled: false, pageLoadStrategy: normal, platformName: windows, proxy: Proxy(), se:cdp: ws://localhost:59341/devtoo..., se:cdpVersion: 134.0.6998.179, setWindowRect: true, strictFileInteractability: false, timeouts: {implicit: 0, pageLoad: 300000, script: 30000}, unhandledPromptBehavior: dismiss and notify, webauthn:extension:credBlob: true, webauthn:extension:largeBlob: true, webauthn:extension:minPinLength: true, webauthn:extension:prf: true, webauthn:virtualAuthenticators: true}
Session ID: 0717a61d49f0ad9acd2d1f98daa510a0]]>
            </message>
            <full-stacktrace>
              <![CDATA[org.openqa.selenium.NoSuchElementException: no such element: Unable to locate element: {"method":"link text","selector":"Change your password"}
  (Session info: chrome=134.0.6998.179)
For documentation on this error, please visit: https://www.selenium.dev/documentation/webdriver/troubleshooting/errors#no-such-element-exception
Build info: version: '4.29.0', revision: '5fc1ec94cb'
System info: os.name: 'Windows 11', os.arch: 'amd64', os.version: '10.0', java.version: '21.0.1'
Driver info: org.openqa.selenium.chrome.ChromeDriver
Command: [0717a61d49f0ad9acd2d1f98daa510a0, findElement {value=Change your password, using=link text}]
Capabilities {acceptInsecureCerts: false, browserName: chrome, browserVersion: 134.0.6998.179, chrome: {chromedriverVersion: 134.0.6998.165 (fd886e2cb29..., userDataDir: C:\Users\kassi\AppData\Loca...}, fedcm:accounts: true, goog:chromeOptions: {debuggerAddress: localhost:59341}, networkConnectionEnabled: false, pageLoadStrategy: normal, platformName: windows, proxy: Proxy(), se:cdp: ws://localhost:59341/devtoo..., se:cdpVersion: 134.0.6998.179, setWindowRect: true, strictFileInteractability: false, timeouts: {implicit: 0, pageLoad: 300000, script: 30000}, unhandledPromptBehavior: dismiss and notify, webauthn:extension:credBlob: true, webauthn:extension:largeBlob: true, webauthn:extension:minPinLength: true, webauthn:extension:prf: true, webauthn:virtualAuthenticators: true}
Session ID: 0717a61d49f0ad9acd2d1f98daa510a0
at java.base/jdk.internal.reflect.DirectConstructorHandleAccessor.newInstance(DirectConstructorHandleAccessor.java:62)
at java.base/java.lang.reflect.Constructor.newInstanceWithCaller(Constructor.java:502)
at java.base/java.lang.reflect.Constructor.newInstance(Constructor.java:486)
at org.openqa.selenium.remote.ErrorCodec.decode(ErrorCodec.java:167)
at org.openqa.selenium.remote.codec.w3c.W3CHttpResponseCodec.decode(W3CHttpResponseCodec.java:138)
at org.openqa.selenium.remote.codec.w3c.W3CHttpResponseCodec.decode(W3CHttpResponseCodec.java:50)
at org.openqa.selenium.remote.HttpCommandExecutor.execute(HttpCommandExecutor.java:215)
at org.openqa.selenium.remote.service.DriverCommandExecutor.invokeExecute(DriverCommandExecutor.java:216)
at org.openqa.selenium.remote.service.DriverCommandExecutor.execute(DriverCommandExecutor.java:174)
at org.openqa.selenium.remote.RemoteWebDriver.execute(RemoteWebDriver.java:545)
at org.openqa.selenium.remote.ElementLocation$ElementFinder$2.findElement(ElementLocation.java:165)
at org.openqa.selenium.remote.ElementLocation.findElement(ElementLocation.java:59)
at org.openqa.selenium.remote.RemoteWebDriver.findElement(RemoteWebDriver.java:368)
at org.openqa.selenium.remote.RemoteWebDriver.findElement(RemoteWebDriver.java:362)
at org.openqa.selenium.support.pagefactory.DefaultElementLocator.findElement(DefaultElementLocator.java:68)
at org.openqa.selenium.support.pagefactory.internal.LocatingElementHandler.invoke(LocatingElementHandler.java:38)
at jdk.proxy2/jdk.proxy2.$Proxy11.isDisplayed(Unknown Source)
at utils.ElementUtilities.isElementDisplayedOnPage(ElementUtilities.java:111)
at utils.ElementUtilities.clickOnElement(ElementUtilities.java:71)
at pages.MyAccountPage.clickOnChangeYourPasswordOption(MyAccountPage.java:63)
at tests.LoginTest.verifyLoggingIntoApplicaLtionUsingChangedPassword(LoginTest.java:191)
at java.base/jdk.internal.reflect.DirectMethodHandleAccessor.invoke(DirectMethodHandleAccessor.java:103)
at java.base/java.lang.reflect.Method.invoke(Method.java:580)
at org.testng.internal.invokers.MethodInvocationHelper.invokeMethod(MethodInvocationHelper.java:141)
at org.testng.internal.invokers.TestInvoker.invokeMethod(TestInvoker.java:686)
at org.testng.internal.invokers.TestInvoker.invokeTestMethod(TestInvoker.java:230)
at org.testng.internal.invokers.MethodRunner.runInSequence(MethodRunner.java:63)
at org.testng.internal.invokers.TestInvoker$MethodInvocationAgent.invoke(TestInvoker.java:992)
at org.testng.internal.invokers.TestInvoker.invokeTestMethods(TestInvoker.java:203)
at org.testng.internal.invokers.TestMethodWorker.invokeTestMethods(TestMethodWorker.java:154)
at org.testng.internal.invokers.TestMethodWorker.run(TestMethodWorker.java:134)
at java.base/java.util.ArrayList.forEach(ArrayList.java:1596)
at org.testng.TestRunner.privateRun(TestRunner.java:739)
at org.testng.TestRunner.run(TestRunner.java:614)
at org.testng.SuiteRunner.runTest(SuiteRunner.java:421)
at org.testng.SuiteRunner.runSequentially(SuiteRunner.java:413)
at org.testng.SuiteRunner.privateRun(SuiteRunner.java:373)
at org.testng.SuiteRunner.run(SuiteRunner.java:312)
at org.testng.SuiteRunnerWorker.runSuite(SuiteRunnerWorker.java:52)
at org.testng.SuiteRunnerWorker.run(SuiteRunnerWorker.java:95)
at org.testng.TestNG.runSuitesSequentially(TestNG.java:1274)
at org.testng.TestNG.runSuitesLocally(TestNG.java:1208)
at org.testng.TestNG.runSuites(TestNG.java:1112)
at org.testng.TestNG.run(TestNG.java:1079)
at org.apache.maven.surefire.testng.TestNGExecutor.run(TestNGExecutor.java:308)
at org.apache.maven.surefire.testng.TestNGXmlTestSuite.execute(TestNGXmlTestSuite.java:71)
at org.apache.maven.surefire.testng.TestNGProvider.invoke(TestNGProvider.java:113)
at org.apache.maven.surefire.booter.ForkedBooter.runSuitesInProcess(ForkedBooter.java:385)
at org.apache.maven.surefire.booter.ForkedBooter.execute(ForkedBooter.java:162)
at org.apache.maven.surefire.booter.ForkedBooter.run(ForkedBooter.java:507)
at org.apache.maven.surefire.booter.ForkedBooter.main(ForkedBooter.java:495)
]]>
            </full-stacktrace>
          </exception> <!-- org.openqa.selenium.NoSuchElementException -->
          <reporter-output>
          </reporter-output>
        </test-method> <!-- verifyLoggingIntoApplicaLtionUsingChangedPassword -->
        <test-method is-config="true" signature="teardown()[pri:0, instance:tests.LoginTest@7334aada]" started-at="2025-04-07T11:25:42 GST" name="teardown" finished-at="2025-04-07T11:25:42 GST" duration-ms="313" status="PASS">
          <reporter-output>
          </reporter-output>
        </test-method> <!-- teardown -->
        <test-method is-config="true" signature="setup()[pri:0, instance:tests.LoginTest@7334aada]" started-at="2025-04-07T11:25:42 GST" name="setup" finished-at="2025-04-07T11:25:45 GST" duration-ms="3093" status="PASS">
          <reporter-output>
          </reporter-output>
        </test-method> <!-- setup -->
        <test-method signature="verifyLoginAccountPageNavigations()[pri:17, instance:tests.LoginTest@7334aada]" started-at="2025-04-07T11:25:45 GST" name="verifyLoginAccountPageNavigations" finished-at="2025-04-07T11:26:13 GST" duration-ms="27613" status="PASS">
          <reporter-output>
          </reporter-output>
        </test-method> <!-- verifyLoginAccountPageNavigations -->
        <test-method is-config="true" signature="teardown()[pri:0, instance:tests.LoginTest@7334aada]" started-at="2025-04-07T11:26:13 GST" name="teardown" finished-at="2025-04-07T11:26:13 GST" duration-ms="252" status="PASS">
          <reporter-output>
          </reporter-output>
        </test-method> <!-- teardown -->
        <test-method is-config="true" signature="setup()[pri:0, instance:tests.LoginTest@7334aada]" started-at="2025-04-07T11:26:13 GST" name="setup" finished-at="2025-04-07T11:26:16 GST" duration-ms="2759" status="PASS">
          <reporter-output>
          </reporter-output>
        </test-method> <!-- setup -->
        <test-method signature="verifyDifferrentWaysOfNavigatingToLoginPage()[pri:18, instance:tests.LoginTest@7334aada]" started-at="2025-04-07T11:26:16 GST" name="verifyDifferrentWaysOfNavigatingToLoginPage" finished-at="2025-04-07T11:26:17 GST" duration-ms="1351" status="PASS">
          <reporter-output>
          </reporter-output>
        </test-method> <!-- verifyDifferrentWaysOfNavigatingToLoginPage -->
        <test-method is-config="true" signature="teardown()[pri:0, instance:tests.LoginTest@7334aada]" started-at="2025-04-07T11:26:17 GST" name="teardown" finished-at="2025-04-07T11:26:17 GST" duration-ms="249" status="PASS">
          <reporter-output>
          </reporter-output>
        </test-method> <!-- teardown -->
        <test-method is-config="true" signature="setup()[pri:0, instance:tests.LoginTest@7334aada]" started-at="2025-04-07T11:26:17 GST" name="setup" finished-at="2025-04-07T11:26:20 GST" duration-ms="2554" status="PASS">
          <reporter-output>
          </reporter-output>
        </test-method> <!-- setup -->
        <test-method signature="verifyRegisterAccountPageBreadcrumbURLTitleHeading()[pri:19, instance:tests.LoginTest@7334aada]" started-at="2025-04-07T11:26:20 GST" name="verifyRegisterAccountPageBreadcrumbURLTitleHeading" finished-at="2025-04-07T11:26:20 GST" duration-ms="122" status="PASS">
          <reporter-output>
          </reporter-output>
        </test-method> <!-- verifyRegisterAccountPageBreadcrumbURLTitleHeading -->
        <test-method is-config="true" signature="teardown()[pri:0, instance:tests.LoginTest@7334aada]" started-at="2025-04-07T11:26:20 GST" name="teardown" finished-at="2025-04-07T11:26:20 GST" duration-ms="177" status="PASS">
          <reporter-output>
          </reporter-output>
        </test-method> <!-- teardown -->
        <test-method is-config="true" signature="setup()[pri:0, instance:tests.LoginTest@7334aada]" started-at="2025-04-07T11:26:20 GST" name="setup" finished-at="2025-04-07T11:26:23 GST" duration-ms="2464" status="PASS">
          <reporter-output>
          </reporter-output>
        </test-method> <!-- setup -->
        <test-method signature="verifyLoginPageUI()[pri:20, instance:tests.LoginTest@7334aada]" started-at="2025-04-07T11:26:23 GST" name="verifyLoginPageUI" finished-at="2025-04-07T11:26:24 GST" duration-ms="867" status="FAIL">
          <exception class="java.lang.AssertionError">
            <message>
              <![CDATA[expected [false] but found [true]]]>
            </message>
            <full-stacktrace>
              <![CDATA[java.lang.AssertionError: expected [false] but found [true]
at org.testng.Assert.fail(Assert.java:111)
at org.testng.Assert.failNotEquals(Assert.java:1578)
at org.testng.Assert.assertFalse(Assert.java:79)
at org.testng.Assert.assertFalse(Assert.java:89)
at tests.LoginTest.verifyLoginPageUI(LoginTest.java:404)
at java.base/jdk.internal.reflect.DirectMethodHandleAccessor.invoke(DirectMethodHandleAccessor.java:103)
at java.base/java.lang.reflect.Method.invoke(Method.java:580)
at org.testng.internal.invokers.MethodInvocationHelper.invokeMethod(MethodInvocationHelper.java:141)
at org.testng.internal.invokers.TestInvoker.invokeMethod(TestInvoker.java:686)
at org.testng.internal.invokers.TestInvoker.invokeTestMethod(TestInvoker.java:230)
at org.testng.internal.invokers.MethodRunner.runInSequence(MethodRunner.java:63)
at org.testng.internal.invokers.TestInvoker$MethodInvocationAgent.invoke(TestInvoker.java:992)
at org.testng.internal.invokers.TestInvoker.invokeTestMethods(TestInvoker.java:203)
at org.testng.internal.invokers.TestMethodWorker.invokeTestMethods(TestMethodWorker.java:154)
at org.testng.internal.invokers.TestMethodWorker.run(TestMethodWorker.java:134)
at java.base/java.util.ArrayList.forEach(ArrayList.java:1596)
at org.testng.TestRunner.privateRun(TestRunner.java:739)
at org.testng.TestRunner.run(TestRunner.java:614)
at org.testng.SuiteRunner.runTest(SuiteRunner.java:421)
at org.testng.SuiteRunner.runSequentially(SuiteRunner.java:413)
at org.testng.SuiteRunner.privateRun(SuiteRunner.java:373)
at org.testng.SuiteRunner.run(SuiteRunner.java:312)
at org.testng.SuiteRunnerWorker.runSuite(SuiteRunnerWorker.java:52)
at org.testng.SuiteRunnerWorker.run(SuiteRunnerWorker.java:95)
at org.testng.TestNG.runSuitesSequentially(TestNG.java:1274)
at org.testng.TestNG.runSuitesLocally(TestNG.java:1208)
at org.testng.TestNG.runSuites(TestNG.java:1112)
at org.testng.TestNG.run(TestNG.java:1079)
at org.apache.maven.surefire.testng.TestNGExecutor.run(TestNGExecutor.java:308)
at org.apache.maven.surefire.testng.TestNGXmlTestSuite.execute(TestNGXmlTestSuite.java:71)
at org.apache.maven.surefire.testng.TestNGProvider.invoke(TestNGProvider.java:113)
at org.apache.maven.surefire.booter.ForkedBooter.runSuitesInProcess(ForkedBooter.java:385)
at org.apache.maven.surefire.booter.ForkedBooter.execute(ForkedBooter.java:162)
at org.apache.maven.surefire.booter.ForkedBooter.run(ForkedBooter.java:507)
at org.apache.maven.surefire.booter.ForkedBooter.main(ForkedBooter.java:495)
]]>
            </full-stacktrace>
          </exception> <!-- java.lang.AssertionError -->
          <reporter-output>
          </reporter-output>
        </test-method> <!-- verifyLoginPageUI -->
        <test-method is-config="true" signature="teardown()[pri:0, instance:tests.LoginTest@7334aada]" started-at="2025-04-07T11:26:24 GST" name="teardown" finished-at="2025-04-07T11:26:24 GST" duration-ms="281" status="PASS">
          <reporter-output>
          </reporter-output>
        </test-method> <!-- teardown -->
        <test-method is-config="true" signature="setup()[pri:0, instance:tests.LoginTest@7334aada]" started-at="2025-04-07T11:26:24 GST" name="setup" finished-at="2025-04-07T11:26:27 GST" duration-ms="3081" status="PASS">
          <reporter-output>
          </reporter-output>
        </test-method> <!-- setup -->
        <test-method signature="verifyRegisterAccountInAllEnvironments()[pri:21, instance:tests.LoginTest@7334aada]" started-at="2025-04-07T11:26:27 GST" name="verifyRegisterAccountInAllEnvironments" finished-at="2025-04-07T11:26:29 GST" duration-ms="1511" status="PASS">
          <reporter-output>
          </reporter-output>
        </test-method> <!-- verifyRegisterAccountInAllEnvironments -->
        <test-method is-config="true" signature="teardown()[pri:0, instance:tests.LoginTest@7334aada]" started-at="2025-04-07T11:26:29 GST" name="teardown" finished-at="2025-04-07T11:26:29 GST" duration-ms="207" status="PASS">
          <reporter-output>
          </reporter-output>
        </test-method> <!-- teardown -->
      </class> <!-- tests.LoginTest -->
    </test> <!-- Test -->
  </suite> <!-- Suite -->
</testng-results>
