<?xml version="1.0" encoding="UTF-8"?>
<testng-results ignored="0" total="21" passed="18" failed="3" skipped="0">
  <reporter-output>
  </reporter-output>
  <suite started-at="2025-04-06T10:11:14 GST" name="Suite" finished-at="2025-04-06T10:12:49 GST" duration-ms="95045">
    <groups>
    </groups>
    <test started-at="2025-04-06T10:11:14 GST" name="Test" finished-at="2025-04-06T10:12:49 GST" duration-ms="95045">
      <class name="tests.LoginTest">
        <test-method is-config="true" signature="setup()[pri:0, instance:tests.LoginTest@1bb5a082]" started-at="2025-04-06T10:11:14 GST" name="setup" finished-at="2025-04-06T10:11:17 GST" duration-ms="2951" status="PASS">
          <reporter-output>
          </reporter-output>
        </test-method> <!-- setup -->
        <test-method signature="loginUsingValidCredentials()[pri:1, instance:tests.LoginTest@1bb5a082]" started-at="2025-04-06T10:11:17 GST" name="loginUsingValidCredentials" finished-at="2025-04-06T10:11:18 GST" duration-ms="959" status="PASS">
          <reporter-output>
          </reporter-output>
        </test-method> <!-- loginUsingValidCredentials -->
        <test-method is-config="true" signature="teardown()[pri:0, instance:tests.LoginTest@1bb5a082]" started-at="2025-04-06T10:11:18 GST" name="teardown" finished-at="2025-04-06T10:11:18 GST" duration-ms="152" status="PASS">
          <reporter-output>
          </reporter-output>
        </test-method> <!-- teardown -->
        <test-method is-config="true" signature="setup()[pri:0, instance:tests.LoginTest@1bb5a082]" started-at="2025-04-06T10:11:18 GST" name="setup" finished-at="2025-04-06T10:11:20 GST" duration-ms="2263" status="PASS">
          <reporter-output>
          </reporter-output>
        </test-method> <!-- setup -->
        <test-method signature="loginUsingInvalidCredentials()[pri:2, instance:tests.LoginTest@1bb5a082]" started-at="2025-04-06T10:11:20 GST" name="loginUsingInvalidCredentials" finished-at="2025-04-06T10:11:21 GST" duration-ms="826" status="PASS">
          <reporter-output>
          </reporter-output>
        </test-method> <!-- loginUsingInvalidCredentials -->
        <test-method is-config="true" signature="teardown()[pri:0, instance:tests.LoginTest@1bb5a082]" started-at="2025-04-06T10:11:21 GST" name="teardown" finished-at="2025-04-06T10:11:21 GST" duration-ms="120" status="PASS">
          <reporter-output>
          </reporter-output>
        </test-method> <!-- teardown -->
        <test-method is-config="true" signature="setup()[pri:0, instance:tests.LoginTest@1bb5a082]" started-at="2025-04-06T10:11:21 GST" name="setup" finished-at="2025-04-06T10:11:24 GST" duration-ms="2373" status="PASS">
          <reporter-output>
          </reporter-output>
        </test-method> <!-- setup -->
        <test-method signature="loginUsingInvalidEmailAndValidPassword()[pri:3, instance:tests.LoginTest@1bb5a082]" started-at="2025-04-06T10:11:24 GST" name="loginUsingInvalidEmailAndValidPassword" finished-at="2025-04-06T10:11:25 GST" duration-ms="1068" status="PASS">
          <reporter-output>
          </reporter-output>
        </test-method> <!-- loginUsingInvalidEmailAndValidPassword -->
        <test-method is-config="true" signature="teardown()[pri:0, instance:tests.LoginTest@1bb5a082]" started-at="2025-04-06T10:11:25 GST" name="teardown" finished-at="2025-04-06T10:11:25 GST" duration-ms="138" status="PASS">
          <reporter-output>
          </reporter-output>
        </test-method> <!-- teardown -->
        <test-method is-config="true" signature="setup()[pri:0, instance:tests.LoginTest@1bb5a082]" started-at="2025-04-06T10:11:25 GST" name="setup" finished-at="2025-04-06T10:11:27 GST" duration-ms="2368" status="PASS">
          <reporter-output>
          </reporter-output>
        </test-method> <!-- setup -->
        <test-method signature="loginUsingValidEmailAndInvalidPassword()[pri:4, instance:tests.LoginTest@1bb5a082]" started-at="2025-04-06T10:11:27 GST" name="loginUsingValidEmailAndInvalidPassword" finished-at="2025-04-06T10:11:28 GST" duration-ms="1017" status="PASS">
          <reporter-output>
          </reporter-output>
        </test-method> <!-- loginUsingValidEmailAndInvalidPassword -->
        <test-method is-config="true" signature="teardown()[pri:0, instance:tests.LoginTest@1bb5a082]" started-at="2025-04-06T10:11:28 GST" name="teardown" finished-at="2025-04-06T10:11:29 GST" duration-ms="221" status="PASS">
          <reporter-output>
          </reporter-output>
        </test-method> <!-- teardown -->
        <test-method is-config="true" signature="setup()[pri:0, instance:tests.LoginTest@1bb5a082]" started-at="2025-04-06T10:11:29 GST" name="setup" finished-at="2025-04-06T10:11:31 GST" duration-ms="2341" status="PASS">
          <reporter-output>
          </reporter-output>
        </test-method> <!-- setup -->
        <test-method signature="loginWithoutCreddentials()[pri:5, instance:tests.LoginTest@1bb5a082]" started-at="2025-04-06T10:11:31 GST" name="loginWithoutCreddentials" finished-at="2025-04-06T10:11:32 GST" duration-ms="730" status="PASS">
          <reporter-output>
          </reporter-output>
        </test-method> <!-- loginWithoutCreddentials -->
        <test-method is-config="true" signature="teardown()[pri:0, instance:tests.LoginTest@1bb5a082]" started-at="2025-04-06T10:11:32 GST" name="teardown" finished-at="2025-04-06T10:11:32 GST" duration-ms="145" status="PASS">
          <reporter-output>
          </reporter-output>
        </test-method> <!-- teardown -->
        <test-method is-config="true" signature="setup()[pri:0, instance:tests.LoginTest@1bb5a082]" started-at="2025-04-06T10:11:32 GST" name="setup" finished-at="2025-04-06T10:11:34 GST" duration-ms="2378" status="PASS">
          <reporter-output>
          </reporter-output>
        </test-method> <!-- setup -->
        <test-method signature="verifyForgottenPasswordLink()[pri:6, instance:tests.LoginTest@1bb5a082]" started-at="2025-04-06T10:11:34 GST" name="verifyForgottenPasswordLink" finished-at="2025-04-06T10:11:35 GST" duration-ms="427" status="PASS">
          <reporter-output>
          </reporter-output>
        </test-method> <!-- verifyForgottenPasswordLink -->
        <test-method is-config="true" signature="teardown()[pri:0, instance:tests.LoginTest@1bb5a082]" started-at="2025-04-06T10:11:35 GST" name="teardown" finished-at="2025-04-06T10:11:35 GST" duration-ms="152" status="PASS">
          <reporter-output>
          </reporter-output>
        </test-method> <!-- teardown -->
        <test-method is-config="true" signature="setup()[pri:0, instance:tests.LoginTest@1bb5a082]" started-at="2025-04-06T10:11:35 GST" name="setup" finished-at="2025-04-06T10:11:37 GST" duration-ms="2329" status="PASS">
          <reporter-output>
          </reporter-output>
        </test-method> <!-- setup -->
        <test-method signature="verifyLoggingInUsingKeyboardKeys()[pri:7, instance:tests.LoginTest@1bb5a082]" started-at="2025-04-06T10:11:37 GST" name="verifyLoggingInUsingKeyboardKeys" finished-at="2025-04-06T10:11:38 GST" duration-ms="1113" status="PASS">
          <reporter-output>
          </reporter-output>
        </test-method> <!-- verifyLoggingInUsingKeyboardKeys -->
        <test-method is-config="true" signature="teardown()[pri:0, instance:tests.LoginTest@1bb5a082]" started-at="2025-04-06T10:11:38 GST" name="teardown" finished-at="2025-04-06T10:11:38 GST" duration-ms="135" status="PASS">
          <reporter-output>
          </reporter-output>
        </test-method> <!-- teardown -->
        <test-method is-config="true" signature="setup()[pri:0, instance:tests.LoginTest@1bb5a082]" started-at="2025-04-06T10:11:38 GST" name="setup" finished-at="2025-04-06T10:11:41 GST" duration-ms="2352" status="PASS">
          <reporter-output>
          </reporter-output>
        </test-method> <!-- setup -->
        <test-method signature="verifyPlaceholdersInLoginPage()[pri:8, instance:tests.LoginTest@1bb5a082]" started-at="2025-04-06T10:11:41 GST" name="verifyPlaceholdersInLoginPage" finished-at="2025-04-06T10:11:41 GST" duration-ms="65" status="PASS">
          <reporter-output>
          </reporter-output>
        </test-method> <!-- verifyPlaceholdersInLoginPage -->
        <test-method is-config="true" signature="teardown()[pri:0, instance:tests.LoginTest@1bb5a082]" started-at="2025-04-06T10:11:41 GST" name="teardown" finished-at="2025-04-06T10:11:41 GST" duration-ms="186" status="PASS">
          <reporter-output>
          </reporter-output>
        </test-method> <!-- teardown -->
        <test-method is-config="true" signature="setup()[pri:0, instance:tests.LoginTest@1bb5a082]" started-at="2025-04-06T10:11:41 GST" name="setup" finished-at="2025-04-06T10:11:43 GST" duration-ms="2440" status="PASS">
          <reporter-output>
          </reporter-output>
        </test-method> <!-- setup -->
        <test-method signature="verifyBrowsingBackAfterLogin()[pri:9, instance:tests.LoginTest@1bb5a082]" started-at="2025-04-06T10:11:43 GST" name="verifyBrowsingBackAfterLogin" finished-at="2025-04-06T10:11:47 GST" duration-ms="3939" status="FAIL">
          <exception class="java.lang.AssertionError">
            <message>
              <![CDATA[expected [true] but found [false]]]>
            </message>
            <full-stacktrace>
              <![CDATA[java.lang.AssertionError: expected [true] but found [false]
at org.testng.Assert.fail(Assert.java:111)
at org.testng.Assert.failNotEquals(Assert.java:1578)
at org.testng.Assert.assertTrue(Assert.java:57)
at org.testng.Assert.assertTrue(Assert.java:67)
at tests.LoginTest.verifyBrowsingBackAfterLogin(LoginTest.java:120)
at java.base/jdk.internal.reflect.DirectMethodHandleAccessor.invoke(DirectMethodHandleAccessor.java:103)
at java.base/java.lang.reflect.Method.invoke(Method.java:580)
at org.testng.internal.invokers.MethodInvocationHelper.invokeMethod(MethodInvocationHelper.java:141)
at org.testng.internal.invokers.TestInvoker.invokeMethod(TestInvoker.java:686)
at org.testng.internal.invokers.TestInvoker.invokeTestMethod(TestInvoker.java:230)
at org.testng.internal.invokers.MethodRunner.runInSequence(MethodRunner.java:63)
at org.testng.internal.invokers.TestInvoker$MethodInvocationAgent.invoke(TestInvoker.java:992)
at org.testng.internal.invokers.TestInvoker.invokeTestMethods(TestInvoker.java:203)
at org.testng.internal.invokers.TestMethodWorker.invokeTestMethods(TestMethodWorker.java:154)
at org.testng.internal.invokers.TestMethodWorker.run(TestMethodWorker.java:134)
at java.base/java.util.ArrayList.forEach(ArrayList.java:1596)
at org.testng.TestRunner.privateRun(TestRunner.java:739)
at org.testng.TestRunner.run(TestRunner.java:614)
at org.testng.SuiteRunner.runTest(SuiteRunner.java:421)
at org.testng.SuiteRunner.runSequentially(SuiteRunner.java:413)
at org.testng.SuiteRunner.privateRun(SuiteRunner.java:373)
at org.testng.SuiteRunner.run(SuiteRunner.java:312)
at org.testng.SuiteRunnerWorker.runSuite(SuiteRunnerWorker.java:52)
at org.testng.SuiteRunnerWorker.run(SuiteRunnerWorker.java:95)
at org.testng.TestNG.runSuitesSequentially(TestNG.java:1274)
at org.testng.TestNG.runSuitesLocally(TestNG.java:1208)
at org.testng.TestNG.runSuites(TestNG.java:1112)
at org.testng.TestNG.run(TestNG.java:1079)
at org.testng.remote.AbstractRemoteTestNG.run(AbstractRemoteTestNG.java:115)
at org.testng.remote.RemoteTestNG.initAndRun(RemoteTestNG.java:293)
at org.testng.remote.RemoteTestNG.main(RemoteTestNG.java:91)
]]>
            </full-stacktrace>
          </exception> <!-- java.lang.AssertionError -->
          <reporter-output>
          </reporter-output>
        </test-method> <!-- verifyBrowsingBackAfterLogin -->
        <test-method is-config="true" signature="teardown()[pri:0, instance:tests.LoginTest@1bb5a082]" started-at="2025-04-06T10:11:47 GST" name="teardown" finished-at="2025-04-06T10:11:48 GST" duration-ms="156" status="PASS">
          <reporter-output>
          </reporter-output>
        </test-method> <!-- teardown -->
        <test-method is-config="true" signature="setup()[pri:0, instance:tests.LoginTest@1bb5a082]" started-at="2025-04-06T10:11:48 GST" name="setup" finished-at="2025-04-06T10:11:50 GST" duration-ms="2143" status="PASS">
          <reporter-output>
          </reporter-output>
        </test-method> <!-- setup -->
        <test-method signature="verifyBrowsingBackAfterLogout()[pri:10, instance:tests.LoginTest@1bb5a082]" started-at="2025-04-06T10:11:50 GST" name="verifyBrowsingBackAfterLogout" finished-at="2025-04-06T10:11:51 GST" duration-ms="1709" status="PASS">
          <reporter-output>
          </reporter-output>
        </test-method> <!-- verifyBrowsingBackAfterLogout -->
        <test-method is-config="true" signature="teardown()[pri:0, instance:tests.LoginTest@1bb5a082]" started-at="2025-04-06T10:11:51 GST" name="teardown" finished-at="2025-04-06T10:11:52 GST" duration-ms="143" status="PASS">
          <reporter-output>
          </reporter-output>
        </test-method> <!-- teardown -->
        <test-method is-config="true" signature="setup()[pri:0, instance:tests.LoginTest@1bb5a082]" started-at="2025-04-06T10:11:52 GST" name="setup" finished-at="2025-04-06T10:11:54 GST" duration-ms="2335" status="PASS">
          <reporter-output>
          </reporter-output>
        </test-method> <!-- setup -->
        <test-method signature="loginUsingInactiveEmail()[pri:11, instance:tests.LoginTest@1bb5a082]" started-at="2025-04-06T10:11:54 GST" name="loginUsingInactiveEmail" finished-at="2025-04-06T10:11:55 GST" duration-ms="1120" status="PASS">
          <reporter-output>
          </reporter-output>
        </test-method> <!-- loginUsingInactiveEmail -->
        <test-method is-config="true" signature="teardown()[pri:0, instance:tests.LoginTest@1bb5a082]" started-at="2025-04-06T10:11:55 GST" name="teardown" finished-at="2025-04-06T10:11:55 GST" duration-ms="144" status="PASS">
          <reporter-output>
          </reporter-output>
        </test-method> <!-- teardown -->
        <test-method is-config="true" signature="setup()[pri:0, instance:tests.LoginTest@1bb5a082]" started-at="2025-04-06T10:11:55 GST" name="setup" finished-at="2025-04-06T10:11:58 GST" duration-ms="2782" status="PASS">
          <reporter-output>
          </reporter-output>
        </test-method> <!-- setup -->
        <test-method signature="verifyNumberOfUnsuccessfulAttempts()[pri:12, instance:tests.LoginTest@1bb5a082]" started-at="2025-04-06T10:11:58 GST" name="verifyNumberOfUnsuccessfulAttempts" finished-at="2025-04-06T10:12:00 GST" duration-ms="1918" status="FAIL">
          <exception class="org.openqa.selenium.StaleElementReferenceException">
            <message>
              <![CDATA[stale element reference: stale element not found
  (Session info: chrome=134.0.6998.179)
For documentation on this error, please visit: https://www.selenium.dev/documentation/webdriver/troubleshooting/errors#stale-element-reference-exception
Build info: version: '4.29.0', revision: '5fc1ec94cb'
System info: os.name: 'Windows 11', os.arch: 'amd64', os.version: '10.0', java.version: '21.0.1'
Driver info: org.openqa.selenium.chrome.ChromeDriver
Command: [33cf49861bbf86986ea34bc6ef52cced, isElementDisplayed {id=f.6B38CE38BEC3AC42C22975707BA11D26.d.3208259ACC5932CB04E9F1F195682AFA.e.1304}]
Capabilities {acceptInsecureCerts: false, browserName: chrome, browserVersion: 134.0.6998.179, chrome: {chromedriverVersion: 134.0.6998.165 (fd886e2cb29..., userDataDir: C:\Users\kassi\AppData\Loca...}, fedcm:accounts: true, goog:chromeOptions: {debuggerAddress: localhost:54655}, networkConnectionEnabled: false, pageLoadStrategy: normal, platformName: windows, proxy: Proxy(), se:cdp: ws://localhost:54655/devtoo..., se:cdpVersion: 134.0.6998.179, setWindowRect: true, strictFileInteractability: false, timeouts: {implicit: 0, pageLoad: 300000, script: 30000}, unhandledPromptBehavior: dismiss and notify, webauthn:extension:credBlob: true, webauthn:extension:largeBlob: true, webauthn:extension:minPinLength: true, webauthn:extension:prf: true, webauthn:virtualAuthenticators: true}
Element: [[ChromeDriver: chrome on windows (33cf49861bbf86986ea34bc6ef52cced)] -> id: input-email]
Session ID: 33cf49861bbf86986ea34bc6ef52cced]]>
            </message>
            <full-stacktrace>
              <![CDATA[org.openqa.selenium.StaleElementReferenceException: stale element reference: stale element not found
  (Session info: chrome=134.0.6998.179)
For documentation on this error, please visit: https://www.selenium.dev/documentation/webdriver/troubleshooting/errors#stale-element-reference-exception
Build info: version: '4.29.0', revision: '5fc1ec94cb'
System info: os.name: 'Windows 11', os.arch: 'amd64', os.version: '10.0', java.version: '21.0.1'
Driver info: org.openqa.selenium.chrome.ChromeDriver
Command: [33cf49861bbf86986ea34bc6ef52cced, isElementDisplayed {id=f.6B38CE38BEC3AC42C22975707BA11D26.d.3208259ACC5932CB04E9F1F195682AFA.e.1304}]
Capabilities {acceptInsecureCerts: false, browserName: chrome, browserVersion: 134.0.6998.179, chrome: {chromedriverVersion: 134.0.6998.165 (fd886e2cb29..., userDataDir: C:\Users\kassi\AppData\Loca...}, fedcm:accounts: true, goog:chromeOptions: {debuggerAddress: localhost:54655}, networkConnectionEnabled: false, pageLoadStrategy: normal, platformName: windows, proxy: Proxy(), se:cdp: ws://localhost:54655/devtoo..., se:cdpVersion: 134.0.6998.179, setWindowRect: true, strictFileInteractability: false, timeouts: {implicit: 0, pageLoad: 300000, script: 30000}, unhandledPromptBehavior: dismiss and notify, webauthn:extension:credBlob: true, webauthn:extension:largeBlob: true, webauthn:extension:minPinLength: true, webauthn:extension:prf: true, webauthn:virtualAuthenticators: true}
Element: [[ChromeDriver: chrome on windows (33cf49861bbf86986ea34bc6ef52cced)] -> id: input-email]
Session ID: 33cf49861bbf86986ea34bc6ef52cced
at java.base/jdk.internal.reflect.DirectConstructorHandleAccessor.newInstance(DirectConstructorHandleAccessor.java:62)
at java.base/java.lang.reflect.Constructor.newInstanceWithCaller(Constructor.java:502)
at java.base/java.lang.reflect.Constructor.newInstance(Constructor.java:486)
at org.openqa.selenium.remote.ErrorCodec.decode(ErrorCodec.java:167)
at org.openqa.selenium.remote.codec.w3c.W3CHttpResponseCodec.decode(W3CHttpResponseCodec.java:138)
at org.openqa.selenium.remote.codec.w3c.W3CHttpResponseCodec.decode(W3CHttpResponseCodec.java:50)
at org.openqa.selenium.remote.HttpCommandExecutor.execute(HttpCommandExecutor.java:215)
at org.openqa.selenium.remote.service.DriverCommandExecutor.invokeExecute(DriverCommandExecutor.java:216)
at org.openqa.selenium.remote.service.DriverCommandExecutor.execute(DriverCommandExecutor.java:174)
at org.openqa.selenium.remote.RemoteWebDriver.execute(RemoteWebDriver.java:545)
at org.openqa.selenium.remote.RemoteWebElement.execute(RemoteWebElement.java:223)
at org.openqa.selenium.remote.RemoteWebElement.isDisplayed(RemoteWebElement.java:282)
at java.base/jdk.internal.reflect.DirectMethodHandleAccessor.invoke(DirectMethodHandleAccessor.java:103)
at java.base/java.lang.reflect.Method.invoke(Method.java:580)
at org.openqa.selenium.support.pagefactory.internal.LocatingElementHandler.invoke(LocatingElementHandler.java:51)
at jdk.proxy2/jdk.proxy2.$Proxy14.isDisplayed(Unknown Source)
at utils.ElementUtilities.isElementDisplayedOnPage(ElementUtilities.java:111)
at utils.ElementUtilities.enterTextIntoElement(ElementUtilities.java:142)
at pages.LoginPage.logInToApplication(LoginPage.java:86)
at tests.LoginTest.verifyNumberOfUnsuccessfulAttempts(LoginTest.java:152)
at java.base/jdk.internal.reflect.DirectMethodHandleAccessor.invoke(DirectMethodHandleAccessor.java:103)
at java.base/java.lang.reflect.Method.invoke(Method.java:580)
at org.testng.internal.invokers.MethodInvocationHelper.invokeMethod(MethodInvocationHelper.java:141)
at org.testng.internal.invokers.TestInvoker.invokeMethod(TestInvoker.java:686)
at org.testng.internal.invokers.TestInvoker.invokeTestMethod(TestInvoker.java:230)
at org.testng.internal.invokers.MethodRunner.runInSequence(MethodRunner.java:63)
at org.testng.internal.invokers.TestInvoker$MethodInvocationAgent.invoke(TestInvoker.java:992)
at org.testng.internal.invokers.TestInvoker.invokeTestMethods(TestInvoker.java:203)
at org.testng.internal.invokers.TestMethodWorker.invokeTestMethods(TestMethodWorker.java:154)
at org.testng.internal.invokers.TestMethodWorker.run(TestMethodWorker.java:134)
at java.base/java.util.ArrayList.forEach(ArrayList.java:1596)
at org.testng.TestRunner.privateRun(TestRunner.java:739)
at org.testng.TestRunner.run(TestRunner.java:614)
at org.testng.SuiteRunner.runTest(SuiteRunner.java:421)
at org.testng.SuiteRunner.runSequentially(SuiteRunner.java:413)
at org.testng.SuiteRunner.privateRun(SuiteRunner.java:373)
at org.testng.SuiteRunner.run(SuiteRunner.java:312)
at org.testng.SuiteRunnerWorker.runSuite(SuiteRunnerWorker.java:52)
at org.testng.SuiteRunnerWorker.run(SuiteRunnerWorker.java:95)
at org.testng.TestNG.runSuitesSequentially(TestNG.java:1274)
at org.testng.TestNG.runSuitesLocally(TestNG.java:1208)
at org.testng.TestNG.runSuites(TestNG.java:1112)
at org.testng.TestNG.run(TestNG.java:1079)
at org.testng.remote.AbstractRemoteTestNG.run(AbstractRemoteTestNG.java:115)
at org.testng.remote.RemoteTestNG.initAndRun(RemoteTestNG.java:293)
at org.testng.remote.RemoteTestNG.main(RemoteTestNG.java:91)
]]>
            </full-stacktrace>
          </exception> <!-- org.openqa.selenium.StaleElementReferenceException -->
          <reporter-output>
          </reporter-output>
        </test-method> <!-- verifyNumberOfUnsuccessfulAttempts -->
        <test-method is-config="true" signature="teardown()[pri:0, instance:tests.LoginTest@1bb5a082]" started-at="2025-04-06T10:12:00 GST" name="teardown" finished-at="2025-04-06T10:12:00 GST" duration-ms="144" status="PASS">
          <reporter-output>
          </reporter-output>
        </test-method> <!-- teardown -->
        <test-method is-config="true" signature="setup()[pri:0, instance:tests.LoginTest@1bb5a082]" started-at="2025-04-06T10:12:00 GST" name="setup" finished-at="2025-04-06T10:12:03 GST" duration-ms="2559" status="PASS">
          <reporter-output>
          </reporter-output>
        </test-method> <!-- setup -->
        <test-method signature="verifyLoginPasswordFieldForVisibility()[pri:13, instance:tests.LoginTest@1bb5a082]" started-at="2025-04-06T10:12:03 GST" name="verifyLoginPasswordFieldForVisibility" finished-at="2025-04-06T10:12:03 GST" duration-ms="42" status="PASS">
          <reporter-output>
          </reporter-output>
        </test-method> <!-- verifyLoginPasswordFieldForVisibility -->
        <test-method is-config="true" signature="teardown()[pri:0, instance:tests.LoginTest@1bb5a082]" started-at="2025-04-06T10:12:03 GST" name="teardown" finished-at="2025-04-06T10:12:03 GST" duration-ms="161" status="PASS">
          <reporter-output>
          </reporter-output>
        </test-method> <!-- teardown -->
        <test-method is-config="true" signature="setup()[pri:0, instance:tests.LoginTest@1bb5a082]" started-at="2025-04-06T10:12:03 GST" name="setup" finished-at="2025-04-06T10:12:05 GST" duration-ms="2475" status="PASS">
          <reporter-output>
          </reporter-output>
        </test-method> <!-- setup -->
        <test-method signature="verifyCopyingOfTextEnteredIntoPasswordField()[pri:14, instance:tests.LoginTest@1bb5a082]" started-at="2025-04-06T10:12:05 GST" name="verifyCopyingOfTextEnteredIntoPasswordField" finished-at="2025-04-06T10:12:06 GST" duration-ms="434" status="PASS">
          <reporter-output>
          </reporter-output>
        </test-method> <!-- verifyCopyingOfTextEnteredIntoPasswordField -->
        <test-method is-config="true" signature="teardown()[pri:0, instance:tests.LoginTest@1bb5a082]" started-at="2025-04-06T10:12:06 GST" name="teardown" finished-at="2025-04-06T10:12:06 GST" duration-ms="184" status="PASS">
          <reporter-output>
          </reporter-output>
        </test-method> <!-- teardown -->
        <test-method is-config="true" signature="setup()[pri:0, instance:tests.LoginTest@1bb5a082]" started-at="2025-04-06T10:12:06 GST" name="setup" finished-at="2025-04-06T10:12:09 GST" duration-ms="2456" status="PASS">
          <reporter-output>
          </reporter-output>
        </test-method> <!-- setup -->
        <test-method signature="verifyPasswordIsNotVisibleInPageSource()[pri:15, instance:tests.LoginTest@1bb5a082]" started-at="2025-04-06T10:12:09 GST" name="verifyPasswordIsNotVisibleInPageSource" finished-at="2025-04-06T10:12:09 GST" duration-ms="383" status="PASS">
          <reporter-output>
          </reporter-output>
        </test-method> <!-- verifyPasswordIsNotVisibleInPageSource -->
        <test-method is-config="true" signature="teardown()[pri:0, instance:tests.LoginTest@1bb5a082]" started-at="2025-04-06T10:12:09 GST" name="teardown" finished-at="2025-04-06T10:12:09 GST" duration-ms="191" status="PASS">
          <reporter-output>
          </reporter-output>
        </test-method> <!-- teardown -->
        <test-method is-config="true" signature="setup()[pri:0, instance:tests.LoginTest@1bb5a082]" started-at="2025-04-06T10:12:09 GST" name="setup" finished-at="2025-04-06T10:12:12 GST" duration-ms="2505" status="PASS">
          <reporter-output>
          </reporter-output>
        </test-method> <!-- setup -->
        <test-method signature="verifyLoggingIntoApplicaLtionUsingChangedPassword()[pri:16, instance:tests.LoginTest@1bb5a082]" started-at="2025-04-06T10:12:12 GST" name="verifyLoggingIntoApplicaLtionUsingChangedPassword" finished-at="2025-04-06T10:12:16 GST" duration-ms="4102" status="FAIL">
          <exception class="org.openqa.selenium.NoSuchElementException">
            <message>
              <![CDATA[no such element: Unable to locate element: {"method":"link text","selector":"Change your password"}
  (Session info: chrome=134.0.6998.179)
For documentation on this error, please visit: https://www.selenium.dev/documentation/webdriver/troubleshooting/errors#no-such-element-exception
Build info: version: '4.29.0', revision: '5fc1ec94cb'
System info: os.name: 'Windows 11', os.arch: 'amd64', os.version: '10.0', java.version: '21.0.1'
Driver info: org.openqa.selenium.chrome.ChromeDriver
Command: [c03ddf7b18a35cb4492c6e89b2e4d8f4, findElement {using=link text, value=Change your password}]
Capabilities {acceptInsecureCerts: false, browserName: chrome, browserVersion: 134.0.6998.179, chrome: {chromedriverVersion: 134.0.6998.165 (fd886e2cb29..., userDataDir: C:\Users\kassi\AppData\Loca...}, fedcm:accounts: true, goog:chromeOptions: {debuggerAddress: localhost:54734}, networkConnectionEnabled: false, pageLoadStrategy: normal, platformName: windows, proxy: Proxy(), se:cdp: ws://localhost:54734/devtoo..., se:cdpVersion: 134.0.6998.179, setWindowRect: true, strictFileInteractability: false, timeouts: {implicit: 0, pageLoad: 300000, script: 30000}, unhandledPromptBehavior: dismiss and notify, webauthn:extension:credBlob: true, webauthn:extension:largeBlob: true, webauthn:extension:minPinLength: true, webauthn:extension:prf: true, webauthn:virtualAuthenticators: true}
Session ID: c03ddf7b18a35cb4492c6e89b2e4d8f4]]>
            </message>
            <full-stacktrace>
              <![CDATA[org.openqa.selenium.NoSuchElementException: no such element: Unable to locate element: {"method":"link text","selector":"Change your password"}
  (Session info: chrome=134.0.6998.179)
For documentation on this error, please visit: https://www.selenium.dev/documentation/webdriver/troubleshooting/errors#no-such-element-exception
Build info: version: '4.29.0', revision: '5fc1ec94cb'
System info: os.name: 'Windows 11', os.arch: 'amd64', os.version: '10.0', java.version: '21.0.1'
Driver info: org.openqa.selenium.chrome.ChromeDriver
Command: [c03ddf7b18a35cb4492c6e89b2e4d8f4, findElement {using=link text, value=Change your password}]
Capabilities {acceptInsecureCerts: false, browserName: chrome, browserVersion: 134.0.6998.179, chrome: {chromedriverVersion: 134.0.6998.165 (fd886e2cb29..., userDataDir: C:\Users\kassi\AppData\Loca...}, fedcm:accounts: true, goog:chromeOptions: {debuggerAddress: localhost:54734}, networkConnectionEnabled: false, pageLoadStrategy: normal, platformName: windows, proxy: Proxy(), se:cdp: ws://localhost:54734/devtoo..., se:cdpVersion: 134.0.6998.179, setWindowRect: true, strictFileInteractability: false, timeouts: {implicit: 0, pageLoad: 300000, script: 30000}, unhandledPromptBehavior: dismiss and notify, webauthn:extension:credBlob: true, webauthn:extension:largeBlob: true, webauthn:extension:minPinLength: true, webauthn:extension:prf: true, webauthn:virtualAuthenticators: true}
Session ID: c03ddf7b18a35cb4492c6e89b2e4d8f4
at java.base/jdk.internal.reflect.DirectConstructorHandleAccessor.newInstance(DirectConstructorHandleAccessor.java:62)
at java.base/java.lang.reflect.Constructor.newInstanceWithCaller(Constructor.java:502)
at java.base/java.lang.reflect.Constructor.newInstance(Constructor.java:486)
at org.openqa.selenium.remote.ErrorCodec.decode(ErrorCodec.java:167)
at org.openqa.selenium.remote.codec.w3c.W3CHttpResponseCodec.decode(W3CHttpResponseCodec.java:138)
at org.openqa.selenium.remote.codec.w3c.W3CHttpResponseCodec.decode(W3CHttpResponseCodec.java:50)
at org.openqa.selenium.remote.HttpCommandExecutor.execute(HttpCommandExecutor.java:215)
at org.openqa.selenium.remote.service.DriverCommandExecutor.invokeExecute(DriverCommandExecutor.java:216)
at org.openqa.selenium.remote.service.DriverCommandExecutor.execute(DriverCommandExecutor.java:174)
at org.openqa.selenium.remote.RemoteWebDriver.execute(RemoteWebDriver.java:545)
at org.openqa.selenium.remote.ElementLocation$ElementFinder$2.findElement(ElementLocation.java:165)
at org.openqa.selenium.remote.ElementLocation.findElement(ElementLocation.java:59)
at org.openqa.selenium.remote.RemoteWebDriver.findElement(RemoteWebDriver.java:368)
at org.openqa.selenium.remote.RemoteWebDriver.findElement(RemoteWebDriver.java:362)
at org.openqa.selenium.support.pagefactory.DefaultElementLocator.findElement(DefaultElementLocator.java:68)
at org.openqa.selenium.support.pagefactory.internal.LocatingElementHandler.invoke(LocatingElementHandler.java:38)
at jdk.proxy2/jdk.proxy2.$Proxy14.isDisplayed(Unknown Source)
at utils.ElementUtilities.isElementDisplayedOnPage(ElementUtilities.java:111)
at utils.ElementUtilities.clickOnElement(ElementUtilities.java:71)
at pages.MyAccountPage.clickOnChangeYourPasswordOption(MyAccountPage.java:63)
at tests.LoginTest.verifyLoggingIntoApplicaLtionUsingChangedPassword(LoginTest.java:191)
at java.base/jdk.internal.reflect.DirectMethodHandleAccessor.invoke(DirectMethodHandleAccessor.java:103)
at java.base/java.lang.reflect.Method.invoke(Method.java:580)
at org.testng.internal.invokers.MethodInvocationHelper.invokeMethod(MethodInvocationHelper.java:141)
at org.testng.internal.invokers.TestInvoker.invokeMethod(TestInvoker.java:686)
at org.testng.internal.invokers.TestInvoker.invokeTestMethod(TestInvoker.java:230)
at org.testng.internal.invokers.MethodRunner.runInSequence(MethodRunner.java:63)
at org.testng.internal.invokers.TestInvoker$MethodInvocationAgent.invoke(TestInvoker.java:992)
at org.testng.internal.invokers.TestInvoker.invokeTestMethods(TestInvoker.java:203)
at org.testng.internal.invokers.TestMethodWorker.invokeTestMethods(TestMethodWorker.java:154)
at org.testng.internal.invokers.TestMethodWorker.run(TestMethodWorker.java:134)
at java.base/java.util.ArrayList.forEach(ArrayList.java:1596)
at org.testng.TestRunner.privateRun(TestRunner.java:739)
at org.testng.TestRunner.run(TestRunner.java:614)
at org.testng.SuiteRunner.runTest(SuiteRunner.java:421)
at org.testng.SuiteRunner.runSequentially(SuiteRunner.java:413)
at org.testng.SuiteRunner.privateRun(SuiteRunner.java:373)
at org.testng.SuiteRunner.run(SuiteRunner.java:312)
at org.testng.SuiteRunnerWorker.runSuite(SuiteRunnerWorker.java:52)
at org.testng.SuiteRunnerWorker.run(SuiteRunnerWorker.java:95)
at org.testng.TestNG.runSuitesSequentially(TestNG.java:1274)
at org.testng.TestNG.runSuitesLocally(TestNG.java:1208)
at org.testng.TestNG.runSuites(TestNG.java:1112)
at org.testng.TestNG.run(TestNG.java:1079)
at org.testng.remote.AbstractRemoteTestNG.run(AbstractRemoteTestNG.java:115)
at org.testng.remote.RemoteTestNG.initAndRun(RemoteTestNG.java:293)
at org.testng.remote.RemoteTestNG.main(RemoteTestNG.java:91)
]]>
            </full-stacktrace>
          </exception> <!-- org.openqa.selenium.NoSuchElementException -->
          <reporter-output>
          </reporter-output>
        </test-method> <!-- verifyLoggingIntoApplicaLtionUsingChangedPassword -->
        <test-method is-config="true" signature="teardown()[pri:0, instance:tests.LoginTest@1bb5a082]" started-at="2025-04-06T10:12:16 GST" name="teardown" finished-at="2025-04-06T10:12:16 GST" duration-ms="140" status="PASS">
          <reporter-output>
          </reporter-output>
        </test-method> <!-- teardown -->
        <test-method is-config="true" signature="setup()[pri:0, instance:tests.LoginTest@1bb5a082]" started-at="2025-04-06T10:12:16 GST" name="setup" finished-at="2025-04-06T10:12:18 GST" duration-ms="2077" status="PASS">
          <reporter-output>
          </reporter-output>
        </test-method> <!-- setup -->
        <test-method signature="verifyLoginAccountPageNavigations()[pri:17, instance:tests.LoginTest@1bb5a082]" started-at="2025-04-06T10:12:18 GST" name="verifyLoginAccountPageNavigations" finished-at="2025-04-06T10:12:35 GST" duration-ms="16614" status="PASS">
          <reporter-output>
          </reporter-output>
        </test-method> <!-- verifyLoginAccountPageNavigations -->
        <test-method is-config="true" signature="teardown()[pri:0, instance:tests.LoginTest@1bb5a082]" started-at="2025-04-06T10:12:35 GST" name="teardown" finished-at="2025-04-06T10:12:35 GST" duration-ms="206" status="PASS">
          <reporter-output>
          </reporter-output>
        </test-method> <!-- teardown -->
        <test-method is-config="true" signature="setup()[pri:0, instance:tests.LoginTest@1bb5a082]" started-at="2025-04-06T10:12:35 GST" name="setup" finished-at="2025-04-06T10:12:37 GST" duration-ms="2503" status="PASS">
          <reporter-output>
          </reporter-output>
        </test-method> <!-- setup -->
        <test-method signature="verifyDifferrentWaysOfNavigatingToLoginPage()[pri:18, instance:tests.LoginTest@1bb5a082]" started-at="2025-04-06T10:12:37 GST" name="verifyDifferrentWaysOfNavigatingToLoginPage" finished-at="2025-04-06T10:12:39 GST" duration-ms="1201" status="PASS">
          <reporter-output>
          </reporter-output>
        </test-method> <!-- verifyDifferrentWaysOfNavigatingToLoginPage -->
        <test-method is-config="true" signature="teardown()[pri:0, instance:tests.LoginTest@1bb5a082]" started-at="2025-04-06T10:12:39 GST" name="teardown" finished-at="2025-04-06T10:12:39 GST" duration-ms="159" status="PASS">
          <reporter-output>
          </reporter-output>
        </test-method> <!-- teardown -->
        <test-method is-config="true" signature="setup()[pri:0, instance:tests.LoginTest@1bb5a082]" started-at="2025-04-06T10:12:39 GST" name="setup" finished-at="2025-04-06T10:12:41 GST" duration-ms="2534" status="PASS">
          <reporter-output>
          </reporter-output>
        </test-method> <!-- setup -->
        <test-method signature="verifyRegisterAccountPageBreadcrumbURLTitleHeading()[pri:19, instance:tests.LoginTest@1bb5a082]" started-at="2025-04-06T10:12:41 GST" name="verifyRegisterAccountPageBreadcrumbURLTitleHeading" finished-at="2025-04-06T10:12:41 GST" duration-ms="144" status="PASS">
          <reporter-output>
          </reporter-output>
        </test-method> <!-- verifyRegisterAccountPageBreadcrumbURLTitleHeading -->
        <test-method is-config="true" signature="teardown()[pri:0, instance:tests.LoginTest@1bb5a082]" started-at="2025-04-06T10:12:41 GST" name="teardown" finished-at="2025-04-06T10:12:42 GST" duration-ms="204" status="PASS">
          <reporter-output>
          </reporter-output>
        </test-method> <!-- teardown -->
        <test-method is-config="true" signature="setup()[pri:0, instance:tests.LoginTest@1bb5a082]" started-at="2025-04-06T10:12:42 GST" name="setup" finished-at="2025-04-06T10:12:44 GST" duration-ms="2595" status="PASS">
          <reporter-output>
          </reporter-output>
        </test-method> <!-- setup -->
        <test-method signature="verifyLoginPageUI()[pri:20, instance:tests.LoginTest@1bb5a082]" started-at="2025-04-06T10:12:44 GST" name="verifyLoginPageUI" finished-at="2025-04-06T10:12:45 GST" duration-ms="448" status="PASS">
          <reporter-output>
          </reporter-output>
        </test-method> <!-- verifyLoginPageUI -->
        <test-method is-config="true" signature="teardown()[pri:0, instance:tests.LoginTest@1bb5a082]" started-at="2025-04-06T10:12:45 GST" name="teardown" finished-at="2025-04-06T10:12:45 GST" duration-ms="191" status="PASS">
          <reporter-output>
          </reporter-output>
        </test-method> <!-- teardown -->
        <test-method is-config="true" signature="setup()[pri:0, instance:tests.LoginTest@1bb5a082]" started-at="2025-04-06T10:12:45 GST" name="setup" finished-at="2025-04-06T10:12:47 GST" duration-ms="2607" status="PASS">
          <reporter-output>
          </reporter-output>
        </test-method> <!-- setup -->
        <test-method signature="verifyRegisterAccountInAllEnvironments()[pri:21, instance:tests.LoginTest@1bb5a082]" started-at="2025-04-06T10:12:47 GST" name="verifyRegisterAccountInAllEnvironments" finished-at="2025-04-06T10:12:49 GST" duration-ms="1393" status="PASS">
          <reporter-output>
          </reporter-output>
        </test-method> <!-- verifyRegisterAccountInAllEnvironments -->
        <test-method is-config="true" signature="teardown()[pri:0, instance:tests.LoginTest@1bb5a082]" started-at="2025-04-06T10:12:49 GST" name="teardown" finished-at="2025-04-06T10:12:49 GST" duration-ms="120" status="PASS">
          <reporter-output>
          </reporter-output>
        </test-method> <!-- teardown -->
      </class> <!-- tests.LoginTest -->
    </test> <!-- Test -->
  </suite> <!-- Suite -->
</testng-results>
