<?xml version="1.0" encoding="UTF-8"?>
<testng-results ignored="0" total="1" passed="1" failed="0" skipped="0">
  <reporter-output>
  </reporter-output>
  <suite started-at="2025-03-06T10:22:03 GST" name="Default suite" finished-at="2025-03-06T10:22:08 GST" duration-ms="5637">
    <groups>
    </groups>
    <test started-at="2025-03-06T10:22:03 GST" name="Default test" finished-at="2025-03-06T10:22:08 GST" duration-ms="5637">
      <class name="tests.Search">
        <test-method is-config="true" signature="setup()[pri:0, instance:tests.Search@73a1e9a9]" started-at="2025-03-06T10:22:03 GST" name="setup" finished-at="2025-03-06T10:22:07 GST" duration-ms="4573" status="PASS">
          <reporter-output>
          </reporter-output>
        </test-method> <!-- setup -->
        <test-method signature="verifyShowProductsByLimitingCount()[pri:15, instance:tests.Search@73a1e9a9]" started-at="2025-03-06T10:22:07 GST" name="verifyShowProductsByLimitingCount" finished-at="2025-03-06T10:22:08 GST" duration-ms="853" status="PASS">
          <reporter-output>
          </reporter-output>
        </test-method> <!-- verifyShowProductsByLimitingCount -->
        <test-method is-config="true" signature="teardown()[pri:0, instance:tests.Search@73a1e9a9]" started-at="2025-03-06T10:22:08 GST" name="teardown" finished-at="2025-03-06T10:22:08 GST" duration-ms="170" status="PASS">
          <reporter-output>
          </reporter-output>
        </test-method> <!-- teardown -->
      </class> <!-- tests.Search -->
    </test> <!-- Default test -->
  </suite> <!-- Default suite -->
</testng-results>
