<?xml version="1.0" encoding="UTF-8"?>
<!-- Generated by org.testng.reporters.JUnitReportReporter -->
<testsuite hostname="Fatema-Kassim" failures="1" tests="22" name="tests.SearchTest" time="121.463" errors="0" timestamp="2025-04-06T09:45:24 GST" skipped="0">
  <testcase classname="tests.SearchTest" name="verifySearchWithAnExistingProduct" time="3.371"/>
  <testcase classname="tests.SearchTest" name="verifySearchWithAnNonExistingProduct" time="3.713"/>
  <testcase classname="tests.SearchTest" name="verifySearchWithoutAnyProduct" time="3.102"/>
  <testcase classname="tests.SearchTest" name="verifySearchAfterLogin" time="5.087"/>
  <testcase classname="tests.SearchTest" name="verifySearchWithProductHavingMultipleProducts" time="3.411"/>
  <testcase classname="tests.SearchTest" name="verifyPlaceholdersInSearchPage" time="3.306"/>
  <testcase classname="tests.SearchTest" name="verifySearchUsingSerchCriteriaField" time="2.954"/>
  <testcase classname="tests.SearchTest" name="verifySearchUsingTextInProductDescription" time="5.241"/>
  <testcase classname="tests.SearchTest" name="verifySearchBySelectingCategoryOfProduct" time="4.884"/>
  <testcase classname="tests.SearchTest" name="verifySearchBySelectingSubCategoryOfProduct" time="4.113"/>
  <testcase classname="tests.SearchTest" name="verifyListAndGridViewsInSearchResultsPageHavingOneProduct" time="7.405"/>
  <testcase classname="tests.SearchTest" name="verifyListAndGridViewsWhenMultipleProductsAreDisplayed" time="4.739"/>
  <testcase classname="tests.SearchTest" name="verifyNavigationToProductComparisonPageFromSearchResultsPage" time="3.492"/>
  <testcase classname="tests.SearchTest" name="verifyAllSortingOptionsInSearchResultsPage" time="3.889"/>
  <testcase classname="tests.SearchTest" name="verifyShowProductsByLimitingCount" time="4.192">
    <failure message="expected [true] but found [false]" type="java.lang.AssertionError">
      <![CDATA[java.lang.AssertionError: expected [true] but found [false]
at org.testng.Assert.fail(Assert.java:111)
at org.testng.Assert.failNotEquals(Assert.java:1578)
at org.testng.Assert.assertTrue(Assert.java:57)
at org.testng.Assert.assertTrue(Assert.java:67)
at tests.SearchTest.verifyShowProductsByLimitingCount(SearchTest.java:211)
at java.base/jdk.internal.reflect.DirectMethodHandleAccessor.invoke(DirectMethodHandleAccessor.java:103)
at java.base/java.lang.reflect.Method.invoke(Method.java:580)
at org.testng.internal.invokers.MethodInvocationHelper.invokeMethod(MethodInvocationHelper.java:141)
at org.testng.internal.invokers.TestInvoker.invokeMethod(TestInvoker.java:686)
at org.testng.internal.invokers.TestInvoker.invokeTestMethod(TestInvoker.java:230)
at org.testng.internal.invokers.MethodRunner.runInSequence(MethodRunner.java:63)
at org.testng.internal.invokers.TestInvoker$MethodInvocationAgent.invoke(TestInvoker.java:992)
at org.testng.internal.invokers.TestInvoker.invokeTestMethods(TestInvoker.java:203)
at org.testng.internal.invokers.TestMethodWorker.invokeTestMethods(TestMethodWorker.java:154)
at org.testng.internal.invokers.TestMethodWorker.run(TestMethodWorker.java:134)
at java.base/java.util.ArrayList.forEach(ArrayList.java:1596)
at org.testng.TestRunner.privateRun(TestRunner.java:739)
at org.testng.TestRunner.run(TestRunner.java:614)
at org.testng.SuiteRunner.runTest(SuiteRunner.java:421)
at org.testng.SuiteRunner.runSequentially(SuiteRunner.java:413)
at org.testng.SuiteRunner.privateRun(SuiteRunner.java:373)
at org.testng.SuiteRunner.run(SuiteRunner.java:312)
at org.testng.SuiteRunnerWorker.runSuite(SuiteRunnerWorker.java:52)
at org.testng.SuiteRunnerWorker.run(SuiteRunnerWorker.java:95)
at org.testng.TestNG.runSuitesSequentially(TestNG.java:1274)
at org.testng.TestNG.runSuitesLocally(TestNG.java:1208)
at org.testng.TestNG.runSuites(TestNG.java:1112)
at org.testng.TestNG.run(TestNG.java:1079)
at org.apache.maven.surefire.testng.TestNGExecutor.run(TestNGExecutor.java:155)
at org.apache.maven.surefire.testng.TestNGDirectoryTestSuite.executeMulti(TestNGDirectoryTestSuite.java:169)
at org.apache.maven.surefire.testng.TestNGDirectoryTestSuite.execute(TestNGDirectoryTestSuite.java:88)
at org.apache.maven.surefire.testng.TestNGProvider.invoke(TestNGProvider.java:137)
at org.apache.maven.surefire.booter.ForkedBooter.runSuitesInProcess(ForkedBooter.java:385)
at org.apache.maven.surefire.booter.ForkedBooter.execute(ForkedBooter.java:162)
at org.apache.maven.surefire.booter.ForkedBooter.run(ForkedBooter.java:507)
at org.apache.maven.surefire.booter.ForkedBooter.main(ForkedBooter.java:495)
]]>
    </failure>
  </testcase> <!-- verifyShowProductsByLimitingCount -->
  <testcase classname="tests.SearchTest" name="verifyDisplayingOfSearchFieldAndSearchButtonOnAllPagesOfTheApplication" time="32.836"/>
  <testcase classname="tests.SearchTest" name="verifyNavigatingToSearchPageFromSiteMapPage" time="4.209"/>
  <testcase classname="tests.SearchTest" name="verifyBreadcrumbOptionInSearchResultsPage" time="3.334"/>
  <testcase classname="tests.SearchTest" name="verifyUsingAllOptionsOnSearchResultsPageUsingKeyboardKeys" time="7.080"/>
  <testcase classname="tests.SearchTest" name="verifySearchPageHeadingTitleURL" time="3.442"/>
  <testcase classname="tests.SearchTest" name="verifySearchPageUI" time="4.279"/>
  <testcase classname="tests.SearchTest" name="verifySearchFunctionalityInAllEnvironments" time="3.384"/>
</testsuite> <!-- tests.SearchTest -->
